2018-09-01 14:23:22,145 [main] INFO  c.g.e.m.h.c.ui.Html5AppCoreUIPlugin - Pluging started
2018-09-01 14:23:25,694 [Worker-3] INFO  o.e.m.c.i.i.nexus.NexusIndexManager - Updating index for repository: central|http://repo.maven.apache.org/maven2
2018-09-01 14:23:25,786 [Worker-3] INFO  c.n.h.c.p.n.NettyAsyncHttpProvider - Number of application's worked threads is 8
2018-09-01 14:23:30,113 [Worker-0] INFO  c.n.h.c.p.n.NettyAsyncHttpProvider - Number of application's worked threads is 8
2018-09-01 14:23:30,553 [New I/O client worker #2-1] INFO  o.e.m.c.i.e.AbstractTransferListenerAdapter - Downloaded http://repo.maven.apache.org/maven2/org/icefaces/icefaces/1.8.0/icefaces-1.8.0.jar
2018-09-01 14:23:30,662 [Worker-0] INFO  c.n.h.c.p.n.NettyAsyncHttpProvider - Number of application's worked threads is 8
2018-09-01 14:23:31,082 [New I/O client worker #3-1] INFO  o.e.m.c.i.e.AbstractTransferListenerAdapter - Downloading http://repo.maven.apache.org/maven2/org/apache/maven/plugins/maven-clean-plugin/2.4.1/maven-clean-plugin-2.4.1.pom
2018-09-01 14:23:31,086 [New I/O client worker #3-1] INFO  o.e.m.c.i.e.AbstractTransferListenerAdapter - Downloaded http://repo.maven.apache.org/maven2/org/apache/maven/plugins/maven-clean-plugin/2.4.1/maven-clean-plugin-2.4.1.pom
2018-09-01 14:23:31,336 [Worker-0] INFO  c.n.h.c.p.n.NettyAsyncHttpProvider - Number of application's worked threads is 8
2018-09-01 14:23:31,771 [New I/O client worker #4-1] INFO  o.e.m.c.i.e.AbstractTransferListenerAdapter - Downloading http://repo.maven.apache.org/maven2/org/apache/maven/plugins/maven-plugins/18/maven-plugins-18.pom
2018-09-01 14:23:32,009 [New I/O client worker #4-1] INFO  o.e.m.c.i.e.AbstractTransferListenerAdapter - Downloaded http://repo.maven.apache.org/maven2/org/apache/maven/plugins/maven-plugins/18/maven-plugins-18.pom
2018-09-01 14:23:32,251 [Worker-0] INFO  c.n.h.c.p.n.NettyAsyncHttpProvider - Number of application's worked threads is 8
2018-09-01 14:23:32,676 [New I/O client worker #5-1] INFO  o.e.m.c.i.e.AbstractTransferListenerAdapter - Downloading http://repo.maven.apache.org/maven2/org/apache/maven/maven-parent/16/maven-parent-16.pom
2018-09-01 14:23:32,966 [New I/O client worker #5-1] INFO  o.e.m.c.i.e.AbstractTransferListenerAdapter - Downloaded http://repo.maven.apache.org/maven2/org/apache/maven/maven-parent/16/maven-parent-16.pom
2018-09-01 14:23:33,194 [Worker-0] INFO  c.n.h.c.p.n.NettyAsyncHttpProvider - Number of application's worked threads is 8
2018-09-01 14:23:33,615 [New I/O client worker #6-1] INFO  o.e.m.c.i.e.AbstractTransferListenerAdapter - Downloading http://repo.maven.apache.org/maven2/org/apache/apache/7/apache-7.pom
2018-09-01 14:23:33,820 [New I/O client worker #6-1] INFO  o.e.m.c.i.e.AbstractTransferListenerAdapter - Downloaded http://repo.maven.apache.org/maven2/org/apache/apache/7/apache-7.pom
2018-09-01 14:23:34,080 [Worker-0] INFO  c.n.h.c.p.n.NettyAsyncHttpProvider - Number of application's worked threads is 8
2018-09-01 14:23:34,500 [New I/O client worker #7-1] INFO  o.e.m.c.i.e.AbstractTransferListenerAdapter - Downloading http://repo.maven.apache.org/maven2/org/apache/maven/plugins/maven-clean-plugin/2.4.1/maven-clean-plugin-2.4.1.jar
2018-09-01 14:23:34,733 [New I/O client worker #7-1] INFO  o.e.m.c.i.e.AbstractTransferListenerAdapter - Downloaded http://repo.maven.apache.org/maven2/org/apache/maven/plugins/maven-clean-plugin/2.4.1/maven-clean-plugin-2.4.1.jar
2018-09-01 14:23:35,043 [Worker-0] INFO  c.n.h.c.p.n.NettyAsyncHttpProvider - Number of application's worked threads is 8
2018-09-01 14:23:35,463 [New I/O client worker #8-1] INFO  o.e.m.c.i.e.AbstractTransferListenerAdapter - Downloading http://repo.maven.apache.org/maven2/org/apache/maven/plugins/maven-install-plugin/2.3.1/maven-install-plugin-2.3.1.pom
2018-09-01 14:23:35,465 [New I/O client worker #8-1] INFO  o.e.m.c.i.e.AbstractTransferListenerAdapter - Downloaded http://repo.maven.apache.org/maven2/org/apache/maven/plugins/maven-install-plugin/2.3.1/maven-install-plugin-2.3.1.pom
2018-09-01 14:23:35,710 [Worker-0] INFO  c.n.h.c.p.n.NettyAsyncHttpProvider - Number of application's worked threads is 8
2018-09-01 14:23:36,130 [New I/O client worker #9-1] INFO  o.e.m.c.i.e.AbstractTransferListenerAdapter - Downloading http://repo.maven.apache.org/maven2/org/apache/maven/plugins/maven-install-plugin/2.3.1/maven-install-plugin-2.3.1.jar
2018-09-01 14:23:36,363 [New I/O client worker #9-1] INFO  o.e.m.c.i.e.AbstractTransferListenerAdapter - Downloaded http://repo.maven.apache.org/maven2/org/apache/maven/plugins/maven-install-plugin/2.3.1/maven-install-plugin-2.3.1.jar
2018-09-01 14:23:37,645 [Worker-0] INFO  c.n.h.c.p.n.NettyAsyncHttpProvider - Number of application's worked threads is 8
2018-09-01 14:23:38,065 [New I/O client worker #10-1] INFO  o.e.m.c.i.e.AbstractTransferListenerAdapter - Downloading http://repo.maven.apache.org/maven2/org/apache/maven/maven-plugin-api/2.0.6/maven-plugin-api-2.0.6.pom
2018-09-01 14:23:38,068 [New I/O client worker #10-1] INFO  o.e.m.c.i.e.AbstractTransferListenerAdapter - Downloaded http://repo.maven.apache.org/maven2/org/apache/maven/maven-plugin-api/2.0.6/maven-plugin-api-2.0.6.pom
2018-09-01 14:23:38,303 [Worker-0] INFO  c.n.h.c.p.n.NettyAsyncHttpProvider - Number of application's worked threads is 8
2018-09-01 14:23:39,749 [New I/O client worker #11-1] INFO  o.e.m.c.i.e.AbstractTransferListenerAdapter - Downloading http://repo.maven.apache.org/maven2/org/apache/maven/maven/2.0.6/maven-2.0.6.pom
2018-09-01 14:23:39,752 [New I/O client worker #11-1] INFO  o.e.m.c.i.e.AbstractTransferListenerAdapter - Downloaded http://repo.maven.apache.org/maven2/org/apache/maven/maven/2.0.6/maven-2.0.6.pom
2018-09-01 14:23:39,990 [Worker-0] INFO  c.n.h.c.p.n.NettyAsyncHttpProvider - Number of application's worked threads is 8
2018-09-01 14:23:40,413 [New I/O client worker #12-1] INFO  o.e.m.c.i.e.AbstractTransferListenerAdapter - Downloading http://repo.maven.apache.org/maven2/org/apache/maven/maven-parent/5/maven-parent-5.pom
2018-09-01 14:23:40,617 [New I/O client worker #12-1] INFO  o.e.m.c.i.e.AbstractTransferListenerAdapter - Downloaded http://repo.maven.apache.org/maven2/org/apache/maven/maven-parent/5/maven-parent-5.pom
2018-09-01 14:23:40,845 [Worker-0] INFO  c.n.h.c.p.n.NettyAsyncHttpProvider - Number of application's worked threads is 8
2018-09-01 14:23:41,263 [New I/O client worker #13-1] INFO  o.e.m.c.i.e.AbstractTransferListenerAdapter - Downloading http://repo.maven.apache.org/maven2/org/apache/apache/3/apache-3.pom
2018-09-01 14:23:41,264 [New I/O client worker #13-1] INFO  o.e.m.c.i.e.AbstractTransferListenerAdapter - Downloaded http://repo.maven.apache.org/maven2/org/apache/apache/3/apache-3.pom
2018-09-01 14:23:41,506 [Worker-0] INFO  c.n.h.c.p.n.NettyAsyncHttpProvider - Number of application's worked threads is 8
2018-09-01 14:23:41,929 [New I/O client worker #14-1] INFO  o.e.m.c.i.e.AbstractTransferListenerAdapter - Downloading http://repo.maven.apache.org/maven2/org/apache/maven/maven-project/2.0.6/maven-project-2.0.6.pom
2018-09-01 14:23:41,931 [New I/O client worker #14-1] INFO  o.e.m.c.i.e.AbstractTransferListenerAdapter - Downloaded http://repo.maven.apache.org/maven2/org/apache/maven/maven-project/2.0.6/maven-project-2.0.6.pom
2018-09-01 14:23:42,183 [Worker-0] INFO  c.n.h.c.p.n.NettyAsyncHttpProvider - Number of application's worked threads is 8
2018-09-01 14:23:42,608 [New I/O client worker #15-1] INFO  o.e.m.c.i.e.AbstractTransferListenerAdapter - Downloading http://repo.maven.apache.org/maven2/org/apache/maven/maven-settings/2.0.6/maven-settings-2.0.6.pom
2018-09-01 14:23:42,610 [New I/O client worker #15-1] INFO  o.e.m.c.i.e.AbstractTransferListenerAdapter - Downloaded http://repo.maven.apache.org/maven2/org/apache/maven/maven-settings/2.0.6/maven-settings-2.0.6.pom
2018-09-01 14:23:42,843 [Worker-0] INFO  c.n.h.c.p.n.NettyAsyncHttpProvider - Number of application's worked threads is 8
2018-09-01 14:23:43,262 [New I/O client worker #16-1] INFO  o.e.m.c.i.e.AbstractTransferListenerAdapter - Downloading http://repo.maven.apache.org/maven2/org/apache/maven/maven-model/2.0.6/maven-model-2.0.6.pom
2018-09-01 14:23:43,264 [New I/O client worker #16-1] INFO  o.e.m.c.i.e.AbstractTransferListenerAdapter - Downloaded http://repo.maven.apache.org/maven2/org/apache/maven/maven-model/2.0.6/maven-model-2.0.6.pom
2018-09-01 14:23:43,495 [Worker-0] INFO  c.n.h.c.p.n.NettyAsyncHttpProvider - Number of application's worked threads is 8
2018-09-01 14:23:44,663 [New I/O client worker #17-1] INFO  o.e.m.c.i.e.AbstractTransferListenerAdapter - Downloading http://repo.maven.apache.org/maven2/org/codehaus/plexus/plexus-utils/1.4.1/plexus-utils-1.4.1.pom
2018-09-01 14:23:44,665 [New I/O client worker #17-1] INFO  o.e.m.c.i.e.AbstractTransferListenerAdapter - Downloaded http://repo.maven.apache.org/maven2/org/codehaus/plexus/plexus-utils/1.4.1/plexus-utils-1.4.1.pom
2018-09-01 14:23:44,894 [Worker-0] INFO  c.n.h.c.p.n.NettyAsyncHttpProvider - Number of application's worked threads is 8
2018-09-01 14:23:45,517 [New I/O client worker #18-1] INFO  o.e.m.c.i.e.AbstractTransferListenerAdapter - Downloading http://repo.maven.apache.org/maven2/org/codehaus/plexus/plexus/1.0.11/plexus-1.0.11.pom
2018-09-01 14:23:45,527 [New I/O client worker #18-1] INFO  o.e.m.c.i.e.AbstractTransferListenerAdapter - Downloaded http://repo.maven.apache.org/maven2/org/codehaus/plexus/plexus/1.0.11/plexus-1.0.11.pom
2018-09-01 14:23:45,772 [Worker-0] INFO  c.n.h.c.p.n.NettyAsyncHttpProvider - Number of application's worked threads is 8
2018-09-01 14:23:46,630 [New I/O client worker #19-1] INFO  o.e.m.c.i.e.AbstractTransferListenerAdapter - Downloading http://repo.maven.apache.org/maven2/org/codehaus/plexus/plexus-container-default/1.0-alpha-9-stable-1/plexus-container-default-1.0-alpha-9-stable-1.pom
2018-09-01 14:23:46,631 [New I/O client worker #19-1] INFO  o.e.m.c.i.e.AbstractTransferListenerAdapter - Downloaded http://repo.maven.apache.org/maven2/org/codehaus/plexus/plexus-container-default/1.0-alpha-9-stable-1/plexus-container-default-1.0-alpha-9-stable-1.pom
2018-09-01 14:23:46,882 [Worker-0] INFO  c.n.h.c.p.n.NettyAsyncHttpProvider - Number of application's worked threads is 8
2018-09-01 14:23:47,304 [New I/O client worker #20-1] INFO  o.e.m.c.i.e.AbstractTransferListenerAdapter - Downloading http://repo.maven.apache.org/maven2/org/codehaus/plexus/plexus-containers/1.0.3/plexus-containers-1.0.3.pom
2018-09-01 14:23:47,306 [New I/O client worker #20-1] INFO  o.e.m.c.i.e.AbstractTransferListenerAdapter - Downloaded http://repo.maven.apache.org/maven2/org/codehaus/plexus/plexus-containers/1.0.3/plexus-containers-1.0.3.pom
2018-09-01 14:23:47,543 [Worker-0] INFO  c.n.h.c.p.n.NettyAsyncHttpProvider - Number of application's worked threads is 8
2018-09-01 14:23:47,986 [New I/O client worker #21-1] INFO  o.e.m.c.i.e.AbstractTransferListenerAdapter - Downloading http://repo.maven.apache.org/maven2/org/codehaus/plexus/plexus/1.0.4/plexus-1.0.4.pom
2018-09-01 14:23:47,988 [New I/O client worker #21-1] INFO  o.e.m.c.i.e.AbstractTransferListenerAdapter - Downloaded http://repo.maven.apache.org/maven2/org/codehaus/plexus/plexus/1.0.4/plexus-1.0.4.pom
2018-09-01 14:23:48,223 [Worker-0] INFO  c.n.h.c.p.n.NettyAsyncHttpProvider - Number of application's worked threads is 8
2018-09-01 14:23:48,646 [New I/O client worker #22-1] INFO  o.e.m.c.i.e.AbstractTransferListenerAdapter - Downloading http://repo.maven.apache.org/maven2/junit/junit/3.8.1/junit-3.8.1.pom
2018-09-01 14:23:48,647 [New I/O client worker #22-1] INFO  o.e.m.c.i.e.AbstractTransferListenerAdapter - Downloaded http://repo.maven.apache.org/maven2/junit/junit/3.8.1/junit-3.8.1.pom
2018-09-01 14:23:48,867 [Worker-0] INFO  c.n.h.c.p.n.NettyAsyncHttpProvider - Number of application's worked threads is 8
2018-09-01 14:23:49,511 [New I/O client worker #23-1] INFO  o.e.m.c.i.e.AbstractTransferListenerAdapter - Downloading http://repo.maven.apache.org/maven2/org/codehaus/plexus/plexus-utils/1.0.4/plexus-utils-1.0.4.pom
2018-09-01 14:23:49,512 [New I/O client worker #23-1] INFO  o.e.m.c.i.e.AbstractTransferListenerAdapter - Downloaded http://repo.maven.apache.org/maven2/org/codehaus/plexus/plexus-utils/1.0.4/plexus-utils-1.0.4.pom
2018-09-01 14:23:49,776 [Worker-0] INFO  c.n.h.c.p.n.NettyAsyncHttpProvider - Number of application's worked threads is 8
2018-09-01 14:23:50,202 [New I/O client worker #24-1] INFO  o.e.m.c.i.e.AbstractTransferListenerAdapter - Downloading http://repo.maven.apache.org/maven2/classworlds/classworlds/1.1-alpha-2/classworlds-1.1-alpha-2.pom
2018-09-01 14:23:50,204 [New I/O client worker #24-1] INFO  o.e.m.c.i.e.AbstractTransferListenerAdapter - Downloaded http://repo.maven.apache.org/maven2/classworlds/classworlds/1.1-alpha-2/classworlds-1.1-alpha-2.pom
2018-09-01 14:23:51,408 [Worker-0] INFO  c.n.h.c.p.n.NettyAsyncHttpProvider - Number of application's worked threads is 8
2018-09-01 14:23:51,839 [New I/O client worker #25-1] INFO  o.e.m.c.i.e.AbstractTransferListenerAdapter - Downloading http://repo.maven.apache.org/maven2/org/apache/maven/maven-profile/2.0.6/maven-profile-2.0.6.pom
2018-09-01 14:23:51,841 [New I/O client worker #25-1] INFO  o.e.m.c.i.e.AbstractTransferListenerAdapter - Downloaded http://repo.maven.apache.org/maven2/org/apache/maven/maven-profile/2.0.6/maven-profile-2.0.6.pom
2018-09-01 14:23:52,080 [Worker-0] INFO  c.n.h.c.p.n.NettyAsyncHttpProvider - Number of application's worked threads is 8
2018-09-01 14:23:52,499 [New I/O client worker #26-1] INFO  o.e.m.c.i.e.AbstractTransferListenerAdapter - Downloading http://repo.maven.apache.org/maven2/org/apache/maven/maven-artifact-manager/2.0.6/maven-artifact-manager-2.0.6.pom
2018-09-01 14:23:52,500 [New I/O client worker #26-1] INFO  o.e.m.c.i.e.AbstractTransferListenerAdapter - Downloaded http://repo.maven.apache.org/maven2/org/apache/maven/maven-artifact-manager/2.0.6/maven-artifact-manager-2.0.6.pom
2018-09-01 14:23:52,738 [Worker-0] INFO  c.n.h.c.p.n.NettyAsyncHttpProvider - Number of application's worked threads is 8
2018-09-01 14:23:53,159 [New I/O client worker #27-1] INFO  o.e.m.c.i.e.AbstractTransferListenerAdapter - Downloading http://repo.maven.apache.org/maven2/org/apache/maven/maven-repository-metadata/2.0.6/maven-repository-metadata-2.0.6.pom
2018-09-01 14:23:53,160 [New I/O client worker #27-1] INFO  o.e.m.c.i.e.AbstractTransferListenerAdapter - Downloaded http://repo.maven.apache.org/maven2/org/apache/maven/maven-repository-metadata/2.0.6/maven-repository-metadata-2.0.6.pom
2018-09-01 14:23:53,399 [Worker-0] INFO  c.n.h.c.p.n.NettyAsyncHttpProvider - Number of application's worked threads is 8
2018-09-01 14:23:53,820 [New I/O client worker #28-1] INFO  o.e.m.c.i.e.AbstractTransferListenerAdapter - Downloading http://repo.maven.apache.org/maven2/org/apache/maven/maven-artifact/2.0.6/maven-artifact-2.0.6.pom
2018-09-01 14:23:53,821 [New I/O client worker #28-1] INFO  o.e.m.c.i.e.AbstractTransferListenerAdapter - Downloaded http://repo.maven.apache.org/maven2/org/apache/maven/maven-artifact/2.0.6/maven-artifact-2.0.6.pom
2018-09-01 14:23:54,058 [Worker-0] INFO  c.n.h.c.p.n.NettyAsyncHttpProvider - Number of application's worked threads is 8
2018-09-01 14:23:54,480 [New I/O client worker #29-1] INFO  o.e.m.c.i.e.AbstractTransferListenerAdapter - Downloading http://repo.maven.apache.org/maven2/org/apache/maven/maven-plugin-registry/2.0.6/maven-plugin-registry-2.0.6.pom
2018-09-01 14:23:54,481 [New I/O client worker #29-1] INFO  o.e.m.c.i.e.AbstractTransferListenerAdapter - Downloaded http://repo.maven.apache.org/maven2/org/apache/maven/maven-plugin-registry/2.0.6/maven-plugin-registry-2.0.6.pom
2018-09-01 14:23:54,743 [Worker-0] INFO  c.n.h.c.p.n.NettyAsyncHttpProvider - Number of application's worked threads is 8
2018-09-01 14:23:55,162 [New I/O client worker #30-1] INFO  o.e.m.c.i.e.AbstractTransferListenerAdapter - Downloading http://repo.maven.apache.org/maven2/org/codehaus/plexus/plexus-utils/2.0.5/plexus-utils-2.0.5.pom
2018-09-01 14:23:55,164 [New I/O client worker #30-1] INFO  o.e.m.c.i.e.AbstractTransferListenerAdapter - Downloaded http://repo.maven.apache.org/maven2/org/codehaus/plexus/plexus-utils/2.0.5/plexus-utils-2.0.5.pom
2018-09-01 14:23:55,395 [Worker-0] INFO  c.n.h.c.p.n.NettyAsyncHttpProvider - Number of application's worked threads is 8
2018-09-01 14:23:55,816 [New I/O client worker #31-1] INFO  o.e.m.c.i.e.AbstractTransferListenerAdapter - Downloading http://repo.maven.apache.org/maven2/org/codehaus/plexus/plexus/2.0.6/plexus-2.0.6.pom
2018-09-01 14:23:56,320 [New I/O client worker #31-1] INFO  o.e.m.c.i.e.AbstractTransferListenerAdapter - Downloaded http://repo.maven.apache.org/maven2/org/codehaus/plexus/plexus/2.0.6/plexus-2.0.6.pom
2018-09-01 14:23:56,576 [Worker-0] INFO  c.n.h.c.p.n.NettyAsyncHttpProvider - Number of application's worked threads is 8
2018-09-01 14:23:56,996 [New I/O client worker #32-1] INFO  o.e.m.c.i.e.AbstractTransferListenerAdapter - Downloading http://repo.maven.apache.org/maven2/org/codehaus/plexus/plexus-digest/1.0/plexus-digest-1.0.pom
2018-09-01 14:23:56,998 [New I/O client worker #32-1] INFO  o.e.m.c.i.e.AbstractTransferListenerAdapter - Downloaded http://repo.maven.apache.org/maven2/org/codehaus/plexus/plexus-digest/1.0/plexus-digest-1.0.pom
2018-09-01 14:23:57,237 [Worker-0] INFO  c.n.h.c.p.n.NettyAsyncHttpProvider - Number of application's worked threads is 8
2018-09-01 14:23:57,676 [New I/O client worker #33-1] INFO  o.e.m.c.i.e.AbstractTransferListenerAdapter - Downloading http://repo.maven.apache.org/maven2/org/codehaus/plexus/plexus-components/1.1.7/plexus-components-1.1.7.pom
2018-09-01 14:23:57,677 [New I/O client worker #33-1] INFO  o.e.m.c.i.e.AbstractTransferListenerAdapter - Downloaded http://repo.maven.apache.org/maven2/org/codehaus/plexus/plexus-components/1.1.7/plexus-components-1.1.7.pom
2018-09-01 14:23:57,924 [Worker-0] INFO  c.n.h.c.p.n.NettyAsyncHttpProvider - Number of application's worked threads is 8
2018-09-01 14:23:58,371 [New I/O client worker #34-1] INFO  o.e.m.c.i.e.AbstractTransferListenerAdapter - Downloading http://repo.maven.apache.org/maven2/org/codehaus/plexus/plexus/1.0.8/plexus-1.0.8.pom
2018-09-01 14:23:58,372 [New I/O client worker #34-1] INFO  o.e.m.c.i.e.AbstractTransferListenerAdapter - Downloaded http://repo.maven.apache.org/maven2/org/codehaus/plexus/plexus/1.0.8/plexus-1.0.8.pom
2018-09-01 14:23:58,618 [Worker-0] INFO  c.n.h.c.p.n.NettyAsyncHttpProvider - Number of application's worked threads is 8
2018-09-01 14:23:59,486 [New I/O client worker #35-1] INFO  o.e.m.c.i.e.AbstractTransferListenerAdapter - Downloading http://repo.maven.apache.org/maven2/org/codehaus/plexus/plexus-container-default/1.0-alpha-8/plexus-container-default-1.0-alpha-8.pom
2018-09-01 14:23:59,487 [New I/O client worker #35-1] INFO  o.e.m.c.i.e.AbstractTransferListenerAdapter - Downloaded http://repo.maven.apache.org/maven2/org/codehaus/plexus/plexus-container-default/1.0-alpha-8/plexus-container-default-1.0-alpha-8.pom
2018-09-01 14:23:59,746 [Worker-0] INFO  c.n.h.c.p.n.NettyAsyncHttpProvider - Number of application's worked threads is 8
2018-09-01 14:24:00,196 [New I/O client worker #36-1] INFO  o.e.m.c.i.e.AbstractTransferListenerAdapter - Downloading http://repo.maven.apache.org/maven2/junit/junit/3.8.1/junit-3.8.1.jar
2018-09-01 14:24:00,198 [New I/O client worker #36-2] INFO  o.e.m.c.i.e.AbstractTransferListenerAdapter - Downloading http://repo.maven.apache.org/maven2/org/codehaus/plexus/plexus-utils/2.0.5/plexus-utils-2.0.5.jar
2018-09-01 14:24:00,201 [New I/O client worker #36-3] INFO  o.e.m.c.i.e.AbstractTransferListenerAdapter - Downloading http://repo.maven.apache.org/maven2/org/codehaus/plexus/plexus-digest/1.0/plexus-digest-1.0.jar
2018-09-01 14:24:00,441 [New I/O client worker #36-3] INFO  o.e.m.c.i.e.AbstractTransferListenerAdapter - Downloaded http://repo.maven.apache.org/maven2/org/codehaus/plexus/plexus-digest/1.0/plexus-digest-1.0.jar
2018-09-01 14:24:01,088 [New I/O client worker #36-1] INFO  o.e.m.c.i.e.AbstractTransferListenerAdapter - Downloaded http://repo.maven.apache.org/maven2/junit/junit/3.8.1/junit-3.8.1.jar
2018-09-01 14:24:03,405 [New I/O client worker #36-2] INFO  o.e.m.c.i.e.AbstractTransferListenerAdapter - Downloaded http://repo.maven.apache.org/maven2/org/codehaus/plexus/plexus-utils/2.0.5/plexus-utils-2.0.5.jar
2018-09-01 14:24:03,895 [Worker-0] INFO  o.e.m.c.i.embedder.EclipseLogger - Installing C:\IT\MyEclipse Professional 2014\plugins\com.genuitec.eclipse.icefaces_11.0.1.me201308151823\data\1.8.0\ICEfaces\icefaces.jar to C:\Users\Administrator\.m2\repository\org\icefaces\icefaces\1.8.0\icefaces-1.8.0.jar
2018-09-01 14:24:03,953 [Worker-0] INFO  o.e.m.c.i.embedder.EclipseLogger - Installing C:\Users\ADMINI~1\AppData\Local\Temp\mvninstall1153982723662307969.pom to C:\Users\Administrator\.m2\repository\org\icefaces\icefaces\1.8.0\icefaces-1.8.0.pom
2018-09-01 14:24:03,968 [Worker-0] INFO  c.n.h.c.p.n.NettyAsyncHttpProvider - Number of application's worked threads is 8
2018-09-01 14:24:05,415 [New I/O client worker #37-1] INFO  o.e.m.c.i.e.AbstractTransferListenerAdapter - Downloaded http://repo.maven.apache.org/maven2/org/icefaces/icefaces/1.7.2/icefaces-1.7.2.jar
2018-09-01 14:24:05,438 [Worker-0] INFO  o.e.m.c.i.embedder.EclipseLogger - Installing C:\IT\MyEclipse Professional 2014\plugins\com.genuitec.eclipse.icefaces_11.0.1.me201308151823\data\1.7.2\ICEfaces\icefaces.jar to C:\Users\Administrator\.m2\repository\org\icefaces\icefaces\1.7.2\icefaces-1.7.2.jar
2018-09-01 14:24:05,597 [Worker-0] INFO  o.e.m.c.i.embedder.EclipseLogger - Installing C:\Users\ADMINI~1\AppData\Local\Temp\mvninstall6982735045021633328.pom to C:\Users\Administrator\.m2\repository\org\icefaces\icefaces\1.7.2\icefaces-1.7.2.pom
2018-09-01 14:24:05,612 [Worker-0] INFO  c.n.h.c.p.n.NettyAsyncHttpProvider - Number of application's worked threads is 8
2018-09-01 14:24:06,034 [New I/O client worker #38-1] INFO  o.e.m.c.i.e.AbstractTransferListenerAdapter - Downloaded http://repo.maven.apache.org/maven2/org/icefaces/icefaces/1.7.1/icefaces-1.7.1.jar
2018-09-01 14:24:06,056 [Worker-0] INFO  o.e.m.c.i.embedder.EclipseLogger - Installing C:\IT\MyEclipse Professional 2014\plugins\com.genuitec.eclipse.icefaces_11.0.1.me201308151823\data\1.7.1\ICEfaces\icefaces.jar to C:\Users\Administrator\.m2\repository\org\icefaces\icefaces\1.7.1\icefaces-1.7.1.jar
2018-09-01 14:24:06,099 [Worker-0] INFO  o.e.m.c.i.embedder.EclipseLogger - Installing C:\Users\ADMINI~1\AppData\Local\Temp\mvninstall6059493653462641507.pom to C:\Users\Administrator\.m2\repository\org\icefaces\icefaces\1.7.1\icefaces-1.7.1.pom
2018-09-01 14:24:06,106 [Worker-0] INFO  c.n.h.c.p.n.NettyAsyncHttpProvider - Number of application's worked threads is 8
2018-09-01 14:24:06,526 [New I/O client worker #39-1] INFO  o.e.m.c.i.e.AbstractTransferListenerAdapter - Downloaded http://repo.maven.apache.org/maven2/org/icefaces/icefaces/1.7.0/icefaces-1.7.0.jar
2018-09-01 14:24:06,549 [Worker-0] INFO  o.e.m.c.i.embedder.EclipseLogger - Installing C:\IT\MyEclipse Professional 2014\plugins\com.genuitec.eclipse.icefaces_11.0.1.me201308151823\data\1.7.0\ICEfaces\icefaces.jar to C:\Users\Administrator\.m2\repository\org\icefaces\icefaces\1.7.0\icefaces-1.7.0.jar
2018-09-01 14:24:06,589 [Worker-0] INFO  o.e.m.c.i.embedder.EclipseLogger - Installing C:\Users\ADMINI~1\AppData\Local\Temp\mvninstall7940113814421168791.pom to C:\Users\Administrator\.m2\repository\org\icefaces\icefaces\1.7.0\icefaces-1.7.0.pom
2018-09-01 14:24:06,596 [Worker-0] INFO  c.n.h.c.p.n.NettyAsyncHttpProvider - Number of application's worked threads is 8
2018-09-01 14:24:07,014 [New I/O client worker #40-1] INFO  o.e.m.c.i.e.AbstractTransferListenerAdapter - Downloaded http://repo.maven.apache.org/maven2/org/icefaces/icefaces/1.6.2/icefaces-1.6.2.jar
2018-09-01 14:24:07,025 [Worker-0] INFO  o.e.m.c.i.embedder.EclipseLogger - Installing C:\IT\MyEclipse Professional 2014\plugins\com.genuitec.eclipse.icefaces_11.0.1.me201308151823\data\1.6.2\ICEfaces\icefaces.jar to C:\Users\Administrator\.m2\repository\org\icefaces\icefaces\1.6.2\icefaces-1.6.2.jar
2018-09-01 14:24:07,059 [Worker-0] INFO  o.e.m.c.i.embedder.EclipseLogger - Installing C:\Users\ADMINI~1\AppData\Local\Temp\mvninstall4773501384088314646.pom to C:\Users\Administrator\.m2\repository\org\icefaces\icefaces\1.6.2\icefaces-1.6.2.pom
2018-09-01 14:24:07,069 [Worker-0] INFO  c.n.h.c.p.n.NettyAsyncHttpProvider - Number of application's worked threads is 8
2018-09-01 14:24:08,459 [New I/O client worker #41-1] INFO  o.e.m.c.i.e.AbstractTransferListenerAdapter - Downloaded http://repo.maven.apache.org/maven2/org/icefaces/icefaces/1.6.1/icefaces-1.6.1.jar
2018-09-01 14:24:08,493 [Worker-0] INFO  o.e.m.c.i.embedder.EclipseLogger - Installing C:\IT\MyEclipse Professional 2014\plugins\com.genuitec.eclipse.icefaces_11.0.1.me201308151823\data\1.6.1\ICEfaces\icefaces.jar to C:\Users\Administrator\.m2\repository\org\icefaces\icefaces\1.6.1\icefaces-1.6.1.jar
2018-09-01 14:24:08,523 [Worker-0] INFO  o.e.m.c.i.embedder.EclipseLogger - Installing C:\Users\ADMINI~1\AppData\Local\Temp\mvninstall5372775714403484288.pom to C:\Users\Administrator\.m2\repository\org\icefaces\icefaces\1.6.1\icefaces-1.6.1.pom
2018-09-01 14:24:08,531 [Worker-0] INFO  c.n.h.c.p.n.NettyAsyncHttpProvider - Number of application's worked threads is 8
2018-09-01 14:24:08,952 [New I/O client worker #42-1] INFO  o.e.m.c.i.e.AbstractTransferListenerAdapter - Downloaded http://repo.maven.apache.org/maven2/org/icepush/icepush/2.0.2/icepush-2.0.2.jar
2018-09-01 14:24:08,971 [Worker-0] INFO  o.e.m.c.i.embedder.EclipseLogger - Installing C:\IT\MyEclipse Professional 2014\plugins\com.genuitec.eclipse.icefaces_11.0.1.me201308151823\data\org.icepush\icepush\2.0\icepush.jar to C:\Users\Administrator\.m2\repository\org\icepush\icepush\2.0.2\icepush-2.0.2.jar
2018-09-01 14:24:09,007 [Worker-0] INFO  o.e.m.c.i.embedder.EclipseLogger - Installing C:\Users\ADMINI~1\AppData\Local\Temp\mvninstall8498021205290941168.pom to C:\Users\Administrator\.m2\repository\org\icepush\icepush\2.0.2\icepush-2.0.2.pom
2018-09-01 14:24:09,014 [Worker-0] INFO  c.n.h.c.p.n.NettyAsyncHttpProvider - Number of application's worked threads is 8
2018-09-01 14:24:10,479 [New I/O client worker #43-1] INFO  o.e.m.c.i.e.AbstractTransferListenerAdapter - Downloaded http://repo.maven.apache.org/maven2/org/icefaces/icefaces-comps/1.8.0/icefaces-comps-1.8.0.jar
2018-09-01 14:24:10,500 [Worker-0] INFO  o.e.m.c.i.embedder.EclipseLogger - Installing C:\IT\MyEclipse Professional 2014\plugins\com.genuitec.eclipse.icefaces_11.0.1.me201308151823\data\1.8.0\ICEfaces\icefaces-comps.jar to C:\Users\Administrator\.m2\repository\org\icefaces\icefaces-comps\1.8.0\icefaces-comps-1.8.0.jar
2018-09-01 14:24:10,537 [Worker-0] INFO  o.e.m.c.i.embedder.EclipseLogger - Installing C:\Users\ADMINI~1\AppData\Local\Temp\mvninstall6631806499562800867.pom to C:\Users\Administrator\.m2\repository\org\icefaces\icefaces-comps\1.8.0\icefaces-comps-1.8.0.pom
2018-09-01 14:24:10,546 [Worker-0] INFO  c.n.h.c.p.n.NettyAsyncHttpProvider - Number of application's worked threads is 8
2018-09-01 14:24:10,970 [New I/O client worker #44-1] INFO  o.e.m.c.i.e.AbstractTransferListenerAdapter - Downloaded http://repo.maven.apache.org/maven2/org/icefaces/icefaces-comps/1.7.2/icefaces-comps-1.7.2.jar
2018-09-01 14:24:10,993 [Worker-0] INFO  o.e.m.c.i.embedder.EclipseLogger - Installing C:\IT\MyEclipse Professional 2014\plugins\com.genuitec.eclipse.icefaces_11.0.1.me201308151823\data\1.7.2\ICEfaces\icefaces-comps.jar to C:\Users\Administrator\.m2\repository\org\icefaces\icefaces-comps\1.7.2\icefaces-comps-1.7.2.jar
2018-09-01 14:24:11,029 [Worker-0] INFO  o.e.m.c.i.embedder.EclipseLogger - Installing C:\Users\ADMINI~1\AppData\Local\Temp\mvninstall8711425045494291858.pom to C:\Users\Administrator\.m2\repository\org\icefaces\icefaces-comps\1.7.2\icefaces-comps-1.7.2.pom
2018-09-01 14:24:11,036 [Worker-0] INFO  c.n.h.c.p.n.NettyAsyncHttpProvider - Number of application's worked threads is 8
2018-09-01 14:24:11,467 [New I/O client worker #45-1] INFO  o.e.m.c.i.e.AbstractTransferListenerAdapter - Downloaded http://repo.maven.apache.org/maven2/org/icefaces/icefaces-comps/1.7.1/icefaces-comps-1.7.1.jar
2018-09-01 14:24:11,487 [Worker-0] INFO  o.e.m.c.i.embedder.EclipseLogger - Installing C:\IT\MyEclipse Professional 2014\plugins\com.genuitec.eclipse.icefaces_11.0.1.me201308151823\data\1.7.1\ICEfaces\icefaces-comps.jar to C:\Users\Administrator\.m2\repository\org\icefaces\icefaces-comps\1.7.1\icefaces-comps-1.7.1.jar
2018-09-01 14:24:11,524 [Worker-0] INFO  o.e.m.c.i.embedder.EclipseLogger - Installing C:\Users\ADMINI~1\AppData\Local\Temp\mvninstall7930117062469668778.pom to C:\Users\Administrator\.m2\repository\org\icefaces\icefaces-comps\1.7.1\icefaces-comps-1.7.1.pom
2018-09-01 14:24:11,531 [Worker-0] INFO  c.n.h.c.p.n.NettyAsyncHttpProvider - Number of application's worked threads is 8
2018-09-01 14:24:11,965 [New I/O client worker #46-1] INFO  o.e.m.c.i.e.AbstractTransferListenerAdapter - Downloaded http://repo.maven.apache.org/maven2/org/icefaces/icefaces-comps/1.7.0/icefaces-comps-1.7.0.jar
2018-09-01 14:24:11,981 [Worker-0] INFO  o.e.m.c.i.embedder.EclipseLogger - Installing C:\IT\MyEclipse Professional 2014\plugins\com.genuitec.eclipse.icefaces_11.0.1.me201308151823\data\1.7.0\ICEfaces\icefaces-comps.jar to C:\Users\Administrator\.m2\repository\org\icefaces\icefaces-comps\1.7.0\icefaces-comps-1.7.0.jar
2018-09-01 14:24:12,111 [Worker-0] INFO  o.e.m.c.i.embedder.EclipseLogger - Installing C:\Users\ADMINI~1\AppData\Local\Temp\mvninstall7859219733549740537.pom to C:\Users\Administrator\.m2\repository\org\icefaces\icefaces-comps\1.7.0\icefaces-comps-1.7.0.pom
2018-09-01 14:24:12,120 [Worker-0] INFO  c.n.h.c.p.n.NettyAsyncHttpProvider - Number of application's worked threads is 8
2018-09-01 14:24:12,559 [New I/O client worker #47-1] INFO  o.e.m.c.i.e.AbstractTransferListenerAdapter - Downloaded http://repo.maven.apache.org/maven2/org/icefaces/icefaces-comps/1.6.2/icefaces-comps-1.6.2.jar
2018-09-01 14:24:12,582 [Worker-0] INFO  o.e.m.c.i.embedder.EclipseLogger - Installing C:\IT\MyEclipse Professional 2014\plugins\com.genuitec.eclipse.icefaces_11.0.1.me201308151823\data\1.6.2\ICEfaces\icefaces-comps.jar to C:\Users\Administrator\.m2\repository\org\icefaces\icefaces-comps\1.6.2\icefaces-comps-1.6.2.jar
2018-09-01 14:24:12,618 [Worker-0] INFO  o.e.m.c.i.embedder.EclipseLogger - Installing C:\Users\ADMINI~1\AppData\Local\Temp\mvninstall3338789162078460086.pom to C:\Users\Administrator\.m2\repository\org\icefaces\icefaces-comps\1.6.2\icefaces-comps-1.6.2.pom
2018-09-01 14:24:12,629 [Worker-0] INFO  c.n.h.c.p.n.NettyAsyncHttpProvider - Number of application's worked threads is 8
2018-09-01 14:24:13,055 [New I/O client worker #48-1] INFO  o.e.m.c.i.e.AbstractTransferListenerAdapter - Downloaded http://repo.maven.apache.org/maven2/org/icefaces/icefaces-comps/1.6.1/icefaces-comps-1.6.1.jar
2018-09-01 14:24:13,077 [Worker-0] INFO  o.e.m.c.i.embedder.EclipseLogger - Installing C:\IT\MyEclipse Professional 2014\plugins\com.genuitec.eclipse.icefaces_11.0.1.me201308151823\data\1.6.1\ICEfaces\icefaces-comps.jar to C:\Users\Administrator\.m2\repository\org\icefaces\icefaces-comps\1.6.1\icefaces-comps-1.6.1.jar
2018-09-01 14:24:13,104 [Worker-0] INFO  o.e.m.c.i.embedder.EclipseLogger - Installing C:\Users\ADMINI~1\AppData\Local\Temp\mvninstall3861446663585858506.pom to C:\Users\Administrator\.m2\repository\org\icefaces\icefaces-comps\1.6.1\icefaces-comps-1.6.1.pom
2018-09-01 14:24:13,113 [Worker-0] INFO  c.n.h.c.p.n.NettyAsyncHttpProvider - Number of application's worked threads is 8
2018-09-01 14:24:14,277 [New I/O client worker #49-1] INFO  o.e.m.c.i.e.AbstractTransferListenerAdapter - Downloaded http://repo.maven.apache.org/maven2/org/icefaces/icefaces-facelets/1.8.0/icefaces-facelets-1.8.0.jar
2018-09-01 14:24:14,300 [Worker-0] INFO  o.e.m.c.i.embedder.EclipseLogger - Installing C:\IT\MyEclipse Professional 2014\plugins\com.genuitec.eclipse.icefaces_11.0.1.me201308151823\data\1.8.0\ICEfaces-Facelets\icefaces-facelets.jar to C:\Users\Administrator\.m2\repository\org\icefaces\icefaces-facelets\1.8.0\icefaces-facelets-1.8.0.jar
2018-09-01 14:24:14,331 [Worker-0] INFO  o.e.m.c.i.embedder.EclipseLogger - Installing C:\Users\ADMINI~1\AppData\Local\Temp\mvninstall2485151758245168796.pom to C:\Users\Administrator\.m2\repository\org\icefaces\icefaces-facelets\1.8.0\icefaces-facelets-1.8.0.pom
2018-09-01 14:24:14,340 [Worker-0] INFO  c.n.h.c.p.n.NettyAsyncHttpProvider - Number of application's worked threads is 8
2018-09-01 14:24:14,759 [New I/O client worker #50-1] INFO  o.e.m.c.i.e.AbstractTransferListenerAdapter - Downloaded http://repo.maven.apache.org/maven2/org/icefaces/icefaces-facelets/1.7.2/icefaces-facelets-1.7.2.jar
2018-09-01 14:24:14,783 [Worker-0] INFO  o.e.m.c.i.embedder.EclipseLogger - Installing C:\IT\MyEclipse Professional 2014\plugins\com.genuitec.eclipse.icefaces_11.0.1.me201308151823\data\1.7.2\ICEfaces-Facelets\icefaces-facelets.jar to C:\Users\Administrator\.m2\repository\org\icefaces\icefaces-facelets\1.7.2\icefaces-facelets-1.7.2.jar
2018-09-01 14:24:14,815 [Worker-0] INFO  o.e.m.c.i.embedder.EclipseLogger - Installing C:\Users\ADMINI~1\AppData\Local\Temp\mvninstall2177354887464523903.pom to C:\Users\Administrator\.m2\repository\org\icefaces\icefaces-facelets\1.7.2\icefaces-facelets-1.7.2.pom
2018-09-01 14:24:14,822 [Worker-0] INFO  c.n.h.c.p.n.NettyAsyncHttpProvider - Number of application's worked threads is 8
2018-09-01 14:24:15,242 [New I/O client worker #51-1] INFO  o.e.m.c.i.e.AbstractTransferListenerAdapter - Downloaded http://repo.maven.apache.org/maven2/org/icefaces/icefaces-facelets/1.7.1/icefaces-facelets-1.7.1.jar
2018-09-01 14:24:15,265 [Worker-0] INFO  o.e.m.c.i.embedder.EclipseLogger - Installing C:\IT\MyEclipse Professional 2014\plugins\com.genuitec.eclipse.icefaces_11.0.1.me201308151823\data\1.7.0\ICEfaces-Facelets\icefaces-facelets.jar to C:\Users\Administrator\.m2\repository\org\icefaces\icefaces-facelets\1.7.1\icefaces-facelets-1.7.1.jar
2018-09-01 14:24:15,295 [Worker-0] INFO  o.e.m.c.i.embedder.EclipseLogger - Installing C:\Users\ADMINI~1\AppData\Local\Temp\mvninstall5043173755086674736.pom to C:\Users\Administrator\.m2\repository\org\icefaces\icefaces-facelets\1.7.1\icefaces-facelets-1.7.1.pom
2018-09-01 14:24:15,302 [Worker-0] INFO  c.n.h.c.p.n.NettyAsyncHttpProvider - Number of application's worked threads is 8
2018-09-01 14:24:15,730 [New I/O client worker #52-1] INFO  o.e.m.c.i.e.AbstractTransferListenerAdapter - Downloaded http://repo.maven.apache.org/maven2/org/icefaces/icefaces-facelets/1.7.0/icefaces-facelets-1.7.0.jar
2018-09-01 14:24:15,750 [Worker-0] INFO  o.e.m.c.i.embedder.EclipseLogger - Installing C:\IT\MyEclipse Professional 2014\plugins\com.genuitec.eclipse.icefaces_11.0.1.me201308151823\data\1.7.0\ICEfaces-Facelets\icefaces-facelets.jar to C:\Users\Administrator\.m2\repository\org\icefaces\icefaces-facelets\1.7.0\icefaces-facelets-1.7.0.jar
2018-09-01 14:24:15,784 [Worker-0] INFO  o.e.m.c.i.embedder.EclipseLogger - Installing C:\Users\ADMINI~1\AppData\Local\Temp\mvninstall2827564739384720238.pom to C:\Users\Administrator\.m2\repository\org\icefaces\icefaces-facelets\1.7.0\icefaces-facelets-1.7.0.pom
2018-09-01 14:24:15,791 [Worker-0] INFO  c.n.h.c.p.n.NettyAsyncHttpProvider - Number of application's worked threads is 8
2018-09-01 14:24:16,233 [New I/O client worker #53-1] INFO  o.e.m.c.i.e.AbstractTransferListenerAdapter - Downloaded http://repo.maven.apache.org/maven2/org/icefaces/icefaces-facelets/1.6.2/icefaces-facelets-1.6.2.jar
2018-09-01 14:24:16,255 [Worker-0] INFO  o.e.m.c.i.embedder.EclipseLogger - Installing C:\IT\MyEclipse Professional 2014\plugins\com.genuitec.eclipse.icefaces_11.0.1.me201308151823\data\1.6.2\ICEfaces-Facelets\icefaces-facelets.jar to C:\Users\Administrator\.m2\repository\org\icefaces\icefaces-facelets\1.6.2\icefaces-facelets-1.6.2.jar
2018-09-01 14:24:16,286 [Worker-0] INFO  o.e.m.c.i.embedder.EclipseLogger - Installing C:\Users\ADMINI~1\AppData\Local\Temp\mvninstall5668489094598927019.pom to C:\Users\Administrator\.m2\repository\org\icefaces\icefaces-facelets\1.6.2\icefaces-facelets-1.6.2.pom
2018-09-01 14:24:16,293 [Worker-0] INFO  c.n.h.c.p.n.NettyAsyncHttpProvider - Number of application's worked threads is 8
2018-09-01 14:24:16,716 [New I/O client worker #54-1] INFO  o.e.m.c.i.e.AbstractTransferListenerAdapter - Downloaded http://repo.maven.apache.org/maven2/org/icefaces/icefaces-facelets/1.6.1/icefaces-facelets-1.6.1.jar
2018-09-01 14:24:16,737 [Worker-0] INFO  o.e.m.c.i.embedder.EclipseLogger - Installing C:\IT\MyEclipse Professional 2014\plugins\com.genuitec.eclipse.icefaces_11.0.1.me201308151823\data\1.6.1\ICEfaces-Facelets\icefaces-facelets.jar to C:\Users\Administrator\.m2\repository\org\icefaces\icefaces-facelets\1.6.1\icefaces-facelets-1.6.1.jar
2018-09-01 14:24:16,781 [Worker-0] INFO  o.e.m.c.i.embedder.EclipseLogger - Installing C:\Users\ADMINI~1\AppData\Local\Temp\mvninstall6229330264777045302.pom to C:\Users\Administrator\.m2\repository\org\icefaces\icefaces-facelets\1.6.1\icefaces-facelets-1.6.1.pom
2018-09-01 14:24:16,788 [Worker-0] INFO  c.n.h.c.p.n.NettyAsyncHttpProvider - Number of application's worked threads is 8
2018-09-01 14:24:18,244 [New I/O client worker #55-1] INFO  o.e.m.c.i.e.AbstractTransferListenerAdapter - Downloaded http://repo.maven.apache.org/maven2/net/sourceforge/jexcelapi/jxl/2.6.8/jxl-2.6.8.jar
2018-09-01 14:24:18,266 [Worker-0] INFO  o.e.m.c.i.embedder.EclipseLogger - Installing C:\IT\MyEclipse Professional 2014\plugins\com.genuitec.eclipse.icefaces_11.0.1.me201308151823\data\net.sourceforge.jexcelapi\jxl\2.6.8\jxl.jar to C:\Users\Administrator\.m2\repository\net\sourceforge\jexcelapi\jxl\2.6.8\jxl-2.6.8.jar
2018-09-01 14:24:18,399 [Worker-0] INFO  o.e.m.c.i.embedder.EclipseLogger - Installing C:\Users\ADMINI~1\AppData\Local\Temp\mvninstall4501869850912927678.pom to C:\Users\Administrator\.m2\repository\net\sourceforge\jexcelapi\jxl\2.6.8\jxl-2.6.8.pom
2018-09-01 14:24:18,406 [Worker-0] INFO  c.n.h.c.p.n.NettyAsyncHttpProvider - Number of application's worked threads is 8
2018-09-01 14:24:18,826 [New I/O client worker #56-1] INFO  o.e.m.c.i.e.AbstractTransferListenerAdapter - Downloaded http://repo.maven.apache.org/maven2/org/icefaces/icefaces-mobi/1.3.0/icefaces-mobi-1.3.0.jar
2018-09-01 14:24:18,847 [Worker-0] INFO  o.e.m.c.i.embedder.EclipseLogger - Installing C:\IT\MyEclipse Professional 2014\plugins\com.genuitec.eclipse.icefaces_11.0.1.me201308151823\data\org.icefaces\icefaces-mobi\1.3\icefaces-mobi.jar to C:\Users\Administrator\.m2\repository\org\icefaces\icefaces-mobi\1.3.0\icefaces-mobi-1.3.0.jar
2018-09-01 14:24:18,886 [Worker-0] INFO  o.e.m.c.i.embedder.EclipseLogger - Installing C:\Users\ADMINI~1\AppData\Local\Temp\mvninstall7464655592309180228.pom to C:\Users\Administrator\.m2\repository\org\icefaces\icefaces-mobi\1.3.0\icefaces-mobi-1.3.0.pom
2018-09-01 14:24:18,893 [Worker-0] INFO  c.n.h.c.p.n.NettyAsyncHttpProvider - Number of application's worked threads is 8
2018-09-01 14:24:19,329 [New I/O client worker #57-1] INFO  o.e.m.c.i.e.AbstractTransferListenerAdapter - Downloaded http://repo.maven.apache.org/maven2/org/icepush/icepush/3.0.0/icepush-3.0.0.jar
2018-09-01 14:24:19,349 [Worker-0] INFO  o.e.m.c.i.embedder.EclipseLogger - Installing C:\IT\MyEclipse Professional 2014\plugins\com.genuitec.eclipse.icefaces_11.0.1.me201308151823\data\org.icepush\icepush\3.0\icepush.jar to C:\Users\Administrator\.m2\repository\org\icepush\icepush\3.0.0\icepush-3.0.0.jar
2018-09-01 14:24:19,381 [Worker-0] INFO  o.e.m.c.i.embedder.EclipseLogger - Installing C:\Users\ADMINI~1\AppData\Local\Temp\mvninstall7735804505277224576.pom to C:\Users\Administrator\.m2\repository\org\icepush\icepush\3.0.0\icepush-3.0.0.pom
2018-09-01 14:24:19,387 [Worker-0] INFO  c.n.h.c.p.n.NettyAsyncHttpProvider - Number of application's worked threads is 8
2018-09-01 14:24:19,811 [New I/O client worker #58-1] INFO  o.e.m.c.i.e.AbstractTransferListenerAdapter - Downloaded http://repo.maven.apache.org/maven2/javax/activation/activation/1.0.2/activation-1.0.2.jar
2018-09-01 14:24:19,835 [Worker-0] INFO  o.e.m.c.i.embedder.EclipseLogger - Installing C:\IT\MyEclipse Professional 2014\plugins\com.genuitec.eclipse.j2eedt.core_11.5.0.me201311281640\data\libraryset\1.4\activation.jar to C:\Users\Administrator\.m2\repository\javax\activation\activation\1.0.2\activation-1.0.2.jar
2018-09-01 14:24:19,891 [Worker-0] INFO  o.e.m.c.i.embedder.EclipseLogger - Installing C:\Users\ADMINI~1\AppData\Local\Temp\mvninstall7421308636673552235.pom to C:\Users\Administrator\.m2\repository\javax\activation\activation\1.0.2\activation-1.0.2.pom
2018-09-01 14:24:19,897 [Worker-0] INFO  c.n.h.c.p.n.NettyAsyncHttpProvider - Number of application's worked threads is 8
2018-09-01 14:24:20,351 [New I/O client worker #59-1] INFO  o.e.m.c.i.e.AbstractTransferListenerAdapter - Downloaded http://repo.maven.apache.org/maven2/javax/mail/mail/1.3.1/mail-1.3.1.jar
2018-09-01 14:24:20,372 [Worker-0] INFO  o.e.m.c.i.embedder.EclipseLogger - Installing C:\IT\MyEclipse Professional 2014\plugins\com.genuitec.eclipse.j2eedt.core_11.5.0.me201311281640\data\libraryset\1.4\mail.jar to C:\Users\Administrator\.m2\repository\javax\mail\mail\1.3.1\mail-1.3.1.jar
2018-09-01 14:24:20,410 [Worker-0] INFO  o.e.m.c.i.embedder.EclipseLogger - Installing C:\Users\ADMINI~1\AppData\Local\Temp\mvninstall7584583337967892931.pom to C:\Users\Administrator\.m2\repository\javax\mail\mail\1.3.1\mail-1.3.1.pom
2018-09-01 14:24:20,417 [Worker-0] INFO  c.n.h.c.p.n.NettyAsyncHttpProvider - Number of application's worked threads is 8
2018-09-01 14:24:20,843 [New I/O client worker #60-1] INFO  o.e.m.c.i.e.AbstractTransferListenerAdapter - Downloaded http://repo.maven.apache.org/maven2/javax/xml/namespace/1.0.1/namespace-1.0.1.jar
2018-09-01 14:24:20,864 [Worker-0] INFO  o.e.m.c.i.embedder.EclipseLogger - Installing C:\IT\MyEclipse Professional 2014\plugins\com.genuitec.eclipse.j2eedt.core_11.5.0.me201311281640\data\libraryset\1.4\namespace.jar to C:\Users\Administrator\.m2\repository\javax\xml\namespace\1.0.1\namespace-1.0.1.jar
2018-09-01 14:24:20,899 [Worker-0] INFO  o.e.m.c.i.embedder.EclipseLogger - Installing C:\Users\ADMINI~1\AppData\Local\Temp\mvninstall7998238933799485348.pom to C:\Users\Administrator\.m2\repository\javax\xml\namespace\1.0.1\namespace-1.0.1.pom
2018-09-01 14:24:20,906 [Worker-0] INFO  c.n.h.c.p.n.NettyAsyncHttpProvider - Number of application's worked threads is 8
2018-09-01 14:24:21,326 [New I/O client worker #61-1] INFO  o.e.m.c.i.e.AbstractTransferListenerAdapter - Downloaded http://repo.maven.apache.org/maven2/javax/sql/jdbc-stdext/2.0/jdbc-stdext-2.0.jar
2018-09-01 14:24:21,349 [Worker-0] INFO  o.e.m.c.i.embedder.EclipseLogger - Installing C:\IT\MyEclipse Professional 2014\plugins\com.genuitec.eclipse.j2eedt.core_11.5.0.me201311281640\data\libraryset\JSTL1.0\lib\jdbc2_0-stdext.jar to C:\Users\Administrator\.m2\repository\javax\sql\jdbc-stdext\2.0\jdbc-stdext-2.0.jar
2018-09-01 14:24:21,381 [Worker-0] INFO  o.e.m.c.i.embedder.EclipseLogger - Installing C:\Users\ADMINI~1\AppData\Local\Temp\mvninstall2613306670547313346.pom to C:\Users\Administrator\.m2\repository\javax\sql\jdbc-stdext\2.0\jdbc-stdext-2.0.pom
2018-09-01 14:24:21,388 [Worker-0] INFO  c.n.h.c.p.n.NettyAsyncHttpProvider - Number of application's worked threads is 8
2018-09-01 14:24:21,815 [New I/O client worker #62-1] INFO  o.e.m.c.i.e.AbstractTransferListenerAdapter - Downloaded http://repo.maven.apache.org/maven2/javax/jts/jts/1.0/jts-1.0.jar
2018-09-01 14:24:21,836 [Worker-0] INFO  o.e.m.c.i.embedder.EclipseLogger - Installing C:\IT\MyEclipse Professional 2014\plugins\com.genuitec.eclipse.j2eedt.core_11.5.0.me201311281640\data\libraryset\1.3\jts.jar to C:\Users\Administrator\.m2\repository\javax\jts\jts\1.0\jts-1.0.jar
2018-09-01 14:24:21,915 [Worker-0] INFO  o.e.m.c.i.embedder.EclipseLogger - Installing C:\Users\ADMINI~1\AppData\Local\Temp\mvninstall7315884742256874633.pom to C:\Users\Administrator\.m2\repository\javax\jts\jts\1.0\jts-1.0.pom
2018-09-01 14:24:21,922 [Worker-0] INFO  c.n.h.c.p.n.NettyAsyncHttpProvider - Number of application's worked threads is 8
2018-09-01 14:24:22,362 [New I/O client worker #63-1] INFO  o.e.m.c.i.e.AbstractTransferListenerAdapter - Downloaded http://repo.maven.apache.org/maven2/el-api/el-api/1.0/el-api-1.0.jar
2018-09-01 14:24:22,380 [Worker-0] INFO  o.e.m.c.i.embedder.EclipseLogger - Installing C:\IT\MyEclipse Professional 2014\configuration\org.eclipse.osgi\bundles\99\1\.cp\data\facelets\lib\el-api.jar to C:\Users\Administrator\.m2\repository\el-api\el-api\1.0\el-api-1.0.jar
2018-09-01 14:24:22,432 [Worker-0] INFO  o.e.m.c.i.embedder.EclipseLogger - Installing C:\Users\ADMINI~1\AppData\Local\Temp\mvninstall2935165717609433663.pom to C:\Users\Administrator\.m2\repository\el-api\el-api\1.0\el-api-1.0.pom
2018-09-01 14:24:22,441 [Worker-0] INFO  c.n.h.c.p.n.NettyAsyncHttpProvider - Number of application's worked threads is 8
2018-09-01 14:24:22,875 [New I/O client worker #64-1] INFO  o.e.m.c.i.e.AbstractTransferListenerAdapter - Downloaded http://repo.maven.apache.org/maven2/el-ri/el-ri/1.0/el-ri-1.0.jar
2018-09-01 14:24:22,896 [Worker-0] INFO  o.e.m.c.i.embedder.EclipseLogger - Installing C:\IT\MyEclipse Professional 2014\configuration\org.eclipse.osgi\bundles\99\1\.cp\data\facelets\lib\el-ri.jar to C:\Users\Administrator\.m2\repository\el-ri\el-ri\1.0\el-ri-1.0.jar
2018-09-01 14:24:22,946 [Worker-0] INFO  o.e.m.c.i.embedder.EclipseLogger - Installing C:\Users\ADMINI~1\AppData\Local\Temp\mvninstall5734082591175033048.pom to C:\Users\Administrator\.m2\repository\el-ri\el-ri\1.0\el-ri-1.0.pom
2018-09-01 14:24:22,953 [Worker-0] INFO  c.n.h.c.p.n.NettyAsyncHttpProvider - Number of application's worked threads is 8
2018-09-01 14:24:23,378 [New I/O client worker #65-1] INFO  o.e.m.c.i.e.AbstractTransferListenerAdapter - Downloaded http://repo.maven.apache.org/maven2/javax/faces/jsf-api/2.0.3/jsf-api-2.0.3.jar
2018-09-01 14:24:23,388 [Worker-0] INFO  o.e.m.c.i.embedder.EclipseLogger - Installing C:\IT\MyEclipse Professional 2014\configuration\org.eclipse.osgi\bundles\99\1\.cp\data\2.0\Mojarra\jsf-api.jar to C:\Users\Administrator\.m2\repository\javax\faces\jsf-api\2.0.3\jsf-api-2.0.3.jar
2018-09-01 14:24:23,415 [Worker-0] INFO  o.e.m.c.i.embedder.EclipseLogger - Installing C:\Users\ADMINI~1\AppData\Local\Temp\mvninstall1726132038425146386.pom to C:\Users\Administrator\.m2\repository\javax\faces\jsf-api\2.0.3\jsf-api-2.0.3.pom
2018-09-01 14:24:23,422 [Worker-0] INFO  c.n.h.c.p.n.NettyAsyncHttpProvider - Number of application's worked threads is 8
2018-09-01 14:24:23,847 [New I/O client worker #66-1] INFO  o.e.m.c.i.e.AbstractTransferListenerAdapter - Downloaded http://repo.maven.apache.org/maven2/javax/faces/jsf-impl/2.0.3/jsf-impl-2.0.3.jar
2018-09-01 14:24:23,867 [Worker-0] INFO  o.e.m.c.i.embedder.EclipseLogger - Installing C:\IT\MyEclipse Professional 2014\configuration\org.eclipse.osgi\bundles\99\1\.cp\data\2.0\Mojarra\jsf-impl.jar to C:\Users\Administrator\.m2\repository\javax\faces\jsf-impl\2.0.3\jsf-impl-2.0.3.jar
2018-09-01 14:24:23,908 [Worker-0] INFO  o.e.m.c.i.embedder.EclipseLogger - Installing C:\Users\ADMINI~1\AppData\Local\Temp\mvninstall3369441409550252378.pom to C:\Users\Administrator\.m2\repository\javax\faces\jsf-impl\2.0.3\jsf-impl-2.0.3.pom
2018-09-01 14:24:23,915 [Worker-0] INFO  c.n.h.c.p.n.NettyAsyncHttpProvider - Number of application's worked threads is 8
2018-09-01 14:24:24,336 [New I/O client worker #67-1] INFO  o.e.m.c.i.e.AbstractTransferListenerAdapter - Downloaded http://repo.maven.apache.org/maven2/org/jboss/cache/jbosscache-core/3.1.0/jbosscache-core-3.1.0.jar
2018-09-01 14:24:24,357 [Worker-0] INFO  o.e.m.c.i.embedder.EclipseLogger - Installing C:\IT\MyEclipse Professional 2014\configuration\org.eclipse.osgi\bundles\101\1\.cp\myeclipse-data\3.3\lib\extra\jbosscache2\jbosscache-core-3.1.0.GA.jar to C:\Users\Administrator\.m2\repository\org\jboss\cache\jbosscache-core\3.1.0\jbosscache-core-3.1.0.jar
2018-09-01 14:24:24,397 [Worker-0] INFO  o.e.m.c.i.embedder.EclipseLogger - Installing C:\Users\ADMINI~1\AppData\Local\Temp\mvninstall3122247403507190558.pom to C:\Users\Administrator\.m2\repository\org\jboss\cache\jbosscache-core\3.1.0\jbosscache-core-3.1.0.pom
2018-09-01 14:24:24,406 [Worker-0] INFO  c.n.h.c.p.n.NettyAsyncHttpProvider - Number of application's worked threads is 8
2018-09-01 14:24:24,832 [New I/O client worker #68-1] INFO  o.e.m.c.i.e.AbstractTransferListenerAdapter - Downloaded http://repo.maven.apache.org/maven2/javax/resource/connector/1.0/connector-1.0.jar
2018-09-01 14:24:24,853 [Worker-0] INFO  o.e.m.c.i.embedder.EclipseLogger - Installing C:\IT\MyEclipse Professional 2014\configuration\org.eclipse.osgi\bundles\101\1\.cp\myeclipse-data\2.1\lib\extra\connector.jar to C:\Users\Administrator\.m2\repository\javax\resource\connector\1.0\connector-1.0.jar
2018-09-01 14:24:24,885 [Worker-0] INFO  o.e.m.c.i.embedder.EclipseLogger - Installing C:\Users\ADMINI~1\AppData\Local\Temp\mvninstall748909529027651444.pom to C:\Users\Administrator\.m2\repository\javax\resource\connector\1.0\connector-1.0.pom
2018-09-01 14:24:24,891 [Worker-0] INFO  c.n.h.c.p.n.NettyAsyncHttpProvider - Number of application's worked threads is 8
2018-09-01 14:24:25,331 [New I/O client worker #69-1] INFO  o.e.m.c.i.e.AbstractTransferListenerAdapter - Downloaded http://repo.maven.apache.org/maven2/javax/security/jacc/1.0/jacc-1.0.jar
2018-09-01 14:24:25,351 [Worker-0] INFO  o.e.m.c.i.embedder.EclipseLogger - Installing C:\IT\MyEclipse Professional 2014\configuration\org.eclipse.osgi\bundles\101\1\.cp\myeclipse-data\3.0\lib\extra\jacc-1_0-fr.jar to C:\Users\Administrator\.m2\repository\javax\security\jacc\1.0\jacc-1.0.jar
2018-09-01 14:24:25,431 [Worker-0] INFO  o.e.m.c.i.embedder.EclipseLogger - Installing C:\Users\ADMINI~1\AppData\Local\Temp\mvninstall5506503372435832641.pom to C:\Users\Administrator\.m2\repository\javax\security\jacc\1.0\jacc-1.0.pom
2018-09-01 14:24:25,440 [Worker-0] INFO  c.n.h.c.p.n.NettyAsyncHttpProvider - Number of application's worked threads is 8
2018-09-01 14:24:25,881 [New I/O client worker #70-1] INFO  o.e.m.c.i.e.AbstractTransferListenerAdapter - Downloaded http://repo.maven.apache.org/maven2/javax/security/jaas/1.0.01/jaas-1.0.01.jar
2018-09-01 14:24:25,902 [Worker-0] INFO  o.e.m.c.i.embedder.EclipseLogger - Installing C:\IT\MyEclipse Professional 2014\configuration\org.eclipse.osgi\bundles\101\1\.cp\myeclipse-data\3.0\lib\core\jaas.jar to C:\Users\Administrator\.m2\repository\javax\security\jaas\1.0.01\jaas-1.0.01.jar
2018-09-01 14:24:25,939 [Worker-0] INFO  o.e.m.c.i.embedder.EclipseLogger - Installing C:\Users\ADMINI~1\AppData\Local\Temp\mvninstall7726476879583946628.pom to C:\Users\Administrator\.m2\repository\javax\security\jaas\1.0.01\jaas-1.0.01.pom
2018-09-01 14:24:25,947 [Worker-0] INFO  c.n.h.c.p.n.NettyAsyncHttpProvider - Number of application's worked threads is 8
2018-09-01 14:24:26,369 [New I/O client worker #71-1] INFO  o.e.m.c.i.e.AbstractTransferListenerAdapter - Downloaded http://repo.maven.apache.org/maven2/javax/transaction/jta/1.0.1B/jta-1.0.1B.jar
2018-09-01 14:24:26,390 [Worker-0] INFO  o.e.m.c.i.embedder.EclipseLogger - Installing C:\IT\MyEclipse Professional 2014\configuration\org.eclipse.osgi\bundles\101\1\.cp\myeclipse-data\2.1\lib\core\jta.jar to C:\Users\Administrator\.m2\repository\javax\transaction\jta\1.0.1B\jta-1.0.1B.jar
2018-09-01 14:24:26,419 [Worker-0] INFO  o.e.m.c.i.embedder.EclipseLogger - Installing C:\Users\ADMINI~1\AppData\Local\Temp\mvninstall2197728392549001458.pom to C:\Users\Administrator\.m2\repository\javax\transaction\jta\1.0.1B\jta-1.0.1B.pom
2018-09-01 14:24:26,426 [Worker-0] INFO  c.n.h.c.p.n.NettyAsyncHttpProvider - Number of application's worked threads is 8
2018-09-01 14:24:27,850 [New I/O client worker #72-1] INFO  o.e.m.c.i.e.AbstractTransferListenerAdapter - Downloaded http://repo.maven.apache.org/maven2/javassist/javassist/3.9.0/javassist-3.9.0.jar
2018-09-01 14:24:27,869 [Worker-0] INFO  o.e.m.c.i.embedder.EclipseLogger - Installing C:\IT\MyEclipse Professional 2014\configuration\org.eclipse.osgi\bundles\101\1\.cp\myeclipse-data\3.3\lib\core\bytecode\javassist\javassist-3.9.0.GA.jar to C:\Users\Administrator\.m2\repository\javassist\javassist\3.9.0\javassist-3.9.0.jar
2018-09-01 14:24:27,918 [Worker-0] INFO  o.e.m.c.i.embedder.EclipseLogger - Installing C:\Users\ADMINI~1\AppData\Local\Temp\mvninstall4647192270493436877.pom to C:\Users\Administrator\.m2\repository\javassist\javassist\3.9.0\javassist-3.9.0.pom
2018-09-01 14:24:27,924 [Worker-0] INFO  c.n.h.c.p.n.NettyAsyncHttpProvider - Number of application's worked threads is 8
2018-09-01 14:24:28,888 [New I/O client worker #73-1] INFO  o.e.m.c.i.e.AbstractTransferListenerAdapter - Downloaded http://repo.maven.apache.org/maven2/org/hibernate/hibernate/3.3.2/hibernate-3.3.2.jar
2018-09-01 14:24:28,901 [Worker-0] INFO  o.e.m.c.i.embedder.EclipseLogger - Installing C:\IT\MyEclipse Professional 2014\configuration\org.eclipse.osgi\bundles\101\1\.cp\myeclipse-data\3.3\lib\core\hibernate3.jar to C:\Users\Administrator\.m2\repository\org\hibernate\hibernate\3.3.2\hibernate-3.3.2.jar
2018-09-01 14:24:28,943 [Worker-0] INFO  o.e.m.c.i.embedder.EclipseLogger - Installing C:\Users\ADMINI~1\AppData\Local\Temp\mvninstall3294432052441064174.pom to C:\Users\Administrator\.m2\repository\org\hibernate\hibernate\3.3.2\hibernate-3.3.2.pom
2018-09-01 14:24:28,950 [Worker-0] INFO  c.n.h.c.p.n.NettyAsyncHttpProvider - Number of application's worked threads is 8
2018-09-01 14:24:29,373 [New I/O client worker #74-1] INFO  o.e.m.c.i.e.AbstractTransferListenerAdapter - Downloaded http://repo.maven.apache.org/maven2/org/eclipse/persistence/javax.persistence/2.0.1/javax.persistence-2.0.1.jar
2018-09-01 14:24:29,394 [Worker-0] INFO  o.e.m.c.i.embedder.EclipseLogger - Installing C:\IT\MyEclipse Professional 2014\configuration\org.eclipse.osgi\bundles\103\1\.cp\data\eclipselink\2.1\javax.persistence_2.0.1.v201006031150.jar to C:\Users\Administrator\.m2\repository\org\eclipse\persistence\javax.persistence\2.0.1\javax.persistence-2.0.1.jar
2018-09-01 14:24:29,420 [Worker-0] INFO  o.e.m.c.i.embedder.EclipseLogger - Installing C:\Users\ADMINI~1\AppData\Local\Temp\mvninstall3357510693971363659.pom to C:\Users\Administrator\.m2\repository\org\eclipse\persistence\javax.persistence\2.0.1\javax.persistence-2.0.1.pom
2018-09-01 14:24:29,426 [Worker-0] INFO  c.n.h.c.p.n.NettyAsyncHttpProvider - Number of application's worked threads is 8
2018-09-01 14:24:29,854 [New I/O client worker #75-1] INFO  o.e.m.c.i.e.AbstractTransferListenerAdapter - Downloaded http://repo.maven.apache.org/maven2/org/eclipse/persistence/eclipselink/2.1/eclipselink-2.1.jar
2018-09-01 14:24:29,875 [Worker-0] INFO  o.e.m.c.i.embedder.EclipseLogger - Installing C:\IT\MyEclipse Professional 2014\configuration\org.eclipse.osgi\bundles\103\1\.cp\data\eclipselink\2.1\eclipselink.jar to C:\Users\Administrator\.m2\repository\org\eclipse\persistence\eclipselink\2.1\eclipselink-2.1.jar
2018-09-01 14:24:29,929 [Worker-0] INFO  o.e.m.c.i.embedder.EclipseLogger - Installing C:\Users\ADMINI~1\AppData\Local\Temp\mvninstall9022105902726275860.pom to C:\Users\Administrator\.m2\repository\org\eclipse\persistence\eclipselink\2.1\eclipselink-2.1.pom
2018-09-01 14:24:29,937 [Worker-0] INFO  c.n.h.c.p.n.NettyAsyncHttpProvider - Number of application's worked threads is 8
2018-09-01 14:24:30,364 [New I/O client worker #76-1] INFO  o.e.m.c.i.e.AbstractTransferListenerAdapter - Downloaded http://repo.maven.apache.org/maven2/org/eclipse/persistence/eclipselink-jpa-modelgen/2.1/eclipselink-jpa-modelgen-2.1.jar
2018-09-01 14:24:30,385 [Worker-0] INFO  o.e.m.c.i.embedder.EclipseLogger - Installing C:\IT\MyEclipse Professional 2014\configuration\org.eclipse.osgi\bundles\103\1\.cp\data\eclipselink\2.1\eclipselink-jpa-modelgen_2.1.1.v20100817-r8050.jar to C:\Users\Administrator\.m2\repository\org\eclipse\persistence\eclipselink-jpa-modelgen\2.1\eclipselink-jpa-modelgen-2.1.jar
2018-09-01 14:24:30,412 [Worker-0] INFO  o.e.m.c.i.embedder.EclipseLogger - Installing C:\Users\ADMINI~1\AppData\Local\Temp\mvninstall1789838989405432125.pom to C:\Users\Administrator\.m2\repository\org\eclipse\persistence\eclipselink-jpa-modelgen\2.1\eclipselink-jpa-modelgen-2.1.pom
2018-09-01 14:24:30,435 [Worker-0] INFO  c.n.h.c.p.n.NettyAsyncHttpProvider - Number of application's worked threads is 8
2018-09-01 14:24:30,859 [New I/O client worker #77-1] INFO  o.e.m.c.i.e.AbstractTransferListenerAdapter - Downloaded http://repo.maven.apache.org/maven2/org/eclipse/persistence/eclipselink-jpa-modelgen/2.5.1/eclipselink-jpa-modelgen-2.5.1.jar
2018-09-01 14:24:30,879 [Worker-0] INFO  o.e.m.c.i.embedder.EclipseLogger - Installing C:\IT\MyEclipse Professional 2014\configuration\org.eclipse.osgi\bundles\103\1\.cp\data\eclipselink\2.5\org.eclipse.persistence.jpa.modelgen_2.5.1.v20130918-f2b9fc5.jar to C:\Users\Administrator\.m2\repository\org\eclipse\persistence\eclipselink-jpa-modelgen\2.5.1\eclipselink-jpa-modelgen-2.5.1.jar
2018-09-01 14:24:30,947 [Worker-0] INFO  o.e.m.c.i.embedder.EclipseLogger - Installing C:\Users\ADMINI~1\AppData\Local\Temp\mvninstall6448542474512834763.pom to C:\Users\Administrator\.m2\repository\org\eclipse\persistence\eclipselink-jpa-modelgen\2.5.1\eclipselink-jpa-modelgen-2.5.1.pom
2018-09-01 14:24:30,953 [Worker-0] INFO  c.n.h.c.p.n.NettyAsyncHttpProvider - Number of application's worked threads is 8
2018-09-01 14:24:31,402 [New I/O client worker #78-1] INFO  o.e.m.c.i.e.AbstractTransferListenerAdapter - Downloaded http://repo.maven.apache.org/maven2/jexcelapi/jxl/2.6.9/jxl-2.6.9.jar
2018-09-01 14:24:31,422 [Worker-0] INFO  o.e.m.c.i.embedder.EclipseLogger - Installing C:\IT\MyEclipse Professional 2014\configuration\org.eclipse.osgi\bundles\104\1\.cp\data\2.5\lib\jexcelapi\jxl.jar to C:\Users\Administrator\.m2\repository\jexcelapi\jxl\2.6.9\jxl-2.6.9.jar
2018-09-01 14:24:31,477 [Worker-0] INFO  o.e.m.c.i.embedder.EclipseLogger - Installing C:\Users\ADMINI~1\AppData\Local\Temp\mvninstall5017651327345577456.pom to C:\Users\Administrator\.m2\repository\jexcelapi\jxl\2.6.9\jxl-2.6.9.pom
2018-09-01 14:24:31,483 [Worker-0] INFO  c.n.h.c.p.n.NettyAsyncHttpProvider - Number of application's worked threads is 8
2018-09-01 14:24:31,912 [New I/O client worker #79-1] INFO  o.e.m.c.i.e.AbstractTransferListenerAdapter - Downloaded http://repo.maven.apache.org/maven2/com/jamonapi/jamon/2.7/jamon-2.7.jar
2018-09-01 14:24:31,921 [Worker-0] INFO  o.e.m.c.i.embedder.EclipseLogger - Installing C:\IT\MyEclipse Professional 2014\configuration\org.eclipse.osgi\bundles\104\1\.cp\data\2.5\lib\jamon\jamon-2.7.jar to C:\Users\Administrator\.m2\repository\com\jamonapi\jamon\2.7\jamon-2.7.jar
2018-09-01 14:24:31,964 [Worker-0] INFO  o.e.m.c.i.embedder.EclipseLogger - Installing C:\Users\ADMINI~1\AppData\Local\Temp\mvninstall2055134473133350919.pom to C:\Users\Administrator\.m2\repository\com\jamonapi\jamon\2.7\jamon-2.7.pom
2018-09-01 14:24:31,970 [Worker-0] INFO  c.n.h.c.p.n.NettyAsyncHttpProvider - Number of application's worked threads is 8
2018-09-01 14:24:32,398 [New I/O client worker #80-1] INFO  o.e.m.c.i.e.AbstractTransferListenerAdapter - Downloaded http://repo.maven.apache.org/maven2/org/ow2/easybeans/quartz/1.6.1/quartz-1.6.1.jar
2018-09-01 14:24:32,419 [Worker-0] INFO  o.e.m.c.i.embedder.EclipseLogger - Installing C:\IT\MyEclipse Professional 2014\configuration\org.eclipse.osgi\bundles\104\1\.cp\data\2.5\lib\quartz\quartz-all-1.6.1.jar to C:\Users\Administrator\.m2\repository\org\ow2\easybeans\quartz\1.6.1\quartz-1.6.1.jar
2018-09-01 14:24:32,451 [Worker-0] INFO  o.e.m.c.i.embedder.EclipseLogger - Installing C:\Users\ADMINI~1\AppData\Local\Temp\mvninstall771308793648243104.pom to C:\Users\Administrator\.m2\repository\org\ow2\easybeans\quartz\1.6.1\quartz-1.6.1.pom
2018-09-01 14:24:32,459 [Worker-0] INFO  c.n.h.c.p.n.NettyAsyncHttpProvider - Number of application's worked threads is 8
2018-09-01 14:24:32,879 [New I/O client worker #81-1] INFO  o.e.m.c.i.e.AbstractTransferListenerAdapter - Downloaded http://repo.maven.apache.org/maven2/org/springframework/javaconfig/spring-javaconfig/1.0.0.m4/spring-javaconfig-1.0.0.m4.jar
2018-09-01 14:24:32,902 [Worker-0] INFO  o.e.m.c.i.embedder.EclipseLogger - Installing C:\IT\MyEclipse Professional 2014\configuration\org.eclipse.osgi\bundles\104\1\.cp\data\javaconfig\org.springframework.config.java-1.0.0.M4.jar to C:\Users\Administrator\.m2\repository\org\springframework\javaconfig\spring-javaconfig\1.0.0.m4\spring-javaconfig-1.0.0.m4.jar
2018-09-01 14:24:32,935 [Worker-0] INFO  o.e.m.c.i.embedder.EclipseLogger - Installing C:\Users\ADMINI~1\AppData\Local\Temp\mvninstall4869066536989549815.pom to C:\Users\Administrator\.m2\repository\org\springframework\javaconfig\spring-javaconfig\1.0.0.m4\spring-javaconfig-1.0.0.m4.pom
2018-09-01 14:24:32,941 [Worker-0] INFO  c.n.h.c.p.n.NettyAsyncHttpProvider - Number of application's worked threads is 8
2018-09-01 14:24:33,360 [New I/O client worker #82-1] INFO  o.e.m.c.i.e.AbstractTransferListenerAdapter - Downloaded http://repo.maven.apache.org/maven2/com/sun/jmx/jmxri/1.2.1/jmxri-1.2.1.jar
2018-09-01 14:24:33,381 [Worker-0] INFO  o.e.m.c.i.embedder.EclipseLogger - Installing C:\IT\MyEclipse Professional 2014\configuration\org.eclipse.osgi\bundles\104\1\.cp\data\1.2\lib\dependencies\jmx\jmxri.jar to C:\Users\Administrator\.m2\repository\com\sun\jmx\jmxri\1.2.1\jmxri-1.2.1.jar
2018-09-01 14:24:33,412 [Worker-0] INFO  o.e.m.c.i.embedder.EclipseLogger - Installing C:\Users\ADMINI~1\AppData\Local\Temp\mvninstall8073122130432758600.pom to C:\Users\Administrator\.m2\repository\com\sun\jmx\jmxri\1.2.1\jmxri-1.2.1.pom
2018-09-01 14:24:33,418 [Worker-0] INFO  c.n.h.c.p.n.NettyAsyncHttpProvider - Number of application's worked threads is 8
2018-09-01 14:24:34,808 [New I/O client worker #83-1] INFO  o.e.m.c.i.e.AbstractTransferListenerAdapter - Downloaded http://repo.maven.apache.org/maven2/javax/management/jmxremote/1.0.1_04/jmxremote-1.0.1_04.jar
2018-09-01 14:24:34,819 [Worker-0] INFO  o.e.m.c.i.embedder.EclipseLogger - Installing C:\IT\MyEclipse Professional 2014\configuration\org.eclipse.osgi\bundles\104\1\.cp\data\1.2\lib\dependencies\jmx\jmxremote.jar to C:\Users\Administrator\.m2\repository\javax\management\jmxremote\1.0.1_04\jmxremote-1.0.1_04.jar
2018-09-01 14:24:34,848 [Worker-0] INFO  o.e.m.c.i.embedder.EclipseLogger - Installing C:\Users\ADMINI~1\AppData\Local\Temp\mvninstall6912295709403267375.pom to C:\Users\Administrator\.m2\repository\javax\management\jmxremote\1.0.1_04\jmxremote-1.0.1_04.pom
2018-09-01 14:24:34,855 [Worker-0] INFO  c.n.h.c.p.n.NettyAsyncHttpProvider - Number of application's worked threads is 8
2018-09-01 14:24:35,272 [New I/O client worker #84-1] INFO  o.e.m.c.i.e.AbstractTransferListenerAdapter - Downloaded http://repo.maven.apache.org/maven2/javax/management/jmxremote_optional/1.0.1_04/jmxremote_optional-1.0.1_04.jar
2018-09-01 14:24:35,292 [Worker-0] INFO  o.e.m.c.i.embedder.EclipseLogger - Installing C:\IT\MyEclipse Professional 2014\configuration\org.eclipse.osgi\bundles\104\1\.cp\data\1.2\lib\dependencies\jmx\jmxremote_optional.jar to C:\Users\Administrator\.m2\repository\javax\management\jmxremote_optional\1.0.1_04\jmxremote_optional-1.0.1_04.jar
2018-09-01 14:24:35,363 [Worker-0] INFO  o.e.m.c.i.embedder.EclipseLogger - Installing C:\Users\ADMINI~1\AppData\Local\Temp\mvninstall5696980036993647784.pom to C:\Users\Administrator\.m2\repository\javax\management\jmxremote_optional\1.0.1_04\jmxremote_optional-1.0.1_04.pom
2018-09-01 14:24:35,370 [Worker-0] INFO  c.n.h.c.p.n.NettyAsyncHttpProvider - Number of application's worked threads is 8
2018-09-01 14:24:35,789 [New I/O client worker #85-1] INFO  o.e.m.c.i.e.AbstractTransferListenerAdapter - Downloaded http://repo.maven.apache.org/maven2/javax/management/jmxri/1.2.1/jmxri-1.2.1.jar
2018-09-01 14:24:35,809 [Worker-0] INFO  o.e.m.c.i.embedder.EclipseLogger - Installing C:\IT\MyEclipse Professional 2014\configuration\org.eclipse.osgi\bundles\104\1\.cp\data\1.2\lib\dependencies\jmx\jmxri.jar to C:\Users\Administrator\.m2\repository\javax\management\jmxri\1.2.1\jmxri-1.2.1.jar
2018-09-01 14:24:35,839 [Worker-0] INFO  o.e.m.c.i.embedder.EclipseLogger - Installing C:\Users\ADMINI~1\AppData\Local\Temp\mvninstall3390896425514804979.pom to C:\Users\Administrator\.m2\repository\javax\management\jmxri\1.2.1\jmxri-1.2.1.pom
2018-09-01 14:24:35,845 [Worker-0] INFO  c.n.h.c.p.n.NettyAsyncHttpProvider - Number of application's worked threads is 8
2018-09-01 14:24:36,274 [New I/O client worker #86-1] INFO  o.e.m.c.i.e.AbstractTransferListenerAdapter - Downloaded http://repo.maven.apache.org/maven2/jdo/jdo/1.0.1/jdo-1.0.1.jar
2018-09-01 14:24:36,295 [Worker-0] INFO  o.e.m.c.i.embedder.EclipseLogger - Installing C:\IT\MyEclipse Professional 2014\configuration\org.eclipse.osgi\bundles\104\1\.cp\data\1.2\lib\dependencies\jdo\jdo2.jar to C:\Users\Administrator\.m2\repository\jdo\jdo\1.0.1\jdo-1.0.1.jar
2018-09-01 14:24:36,338 [Worker-0] INFO  o.e.m.c.i.embedder.EclipseLogger - Installing C:\Users\ADMINI~1\AppData\Local\Temp\mvninstall1215177705286433416.pom to C:\Users\Administrator\.m2\repository\jdo\jdo\1.0.1\jdo-1.0.1.pom
2018-09-01 14:24:36,344 [Worker-0] INFO  c.n.h.c.p.n.NettyAsyncHttpProvider - Number of application's worked threads is 8
2018-09-01 14:24:36,762 [New I/O client worker #87-1] INFO  o.e.m.c.i.e.AbstractTransferListenerAdapter - Downloaded http://repo.maven.apache.org/maven2/com/bea/wlplatform/commonj-twm/1.1/commonj-twm-1.1.jar
2018-09-01 14:24:36,785 [Worker-0] INFO  o.e.m.c.i.embedder.EclipseLogger - Installing C:\IT\MyEclipse Professional 2014\configuration\org.eclipse.osgi\bundles\104\1\.cp\data\2.0\lib\commonj\commonj-twm.jar to C:\Users\Administrator\.m2\repository\com\bea\wlplatform\commonj-twm\1.1\commonj-twm-1.1.jar
2018-09-01 14:24:36,820 [Worker-0] INFO  o.e.m.c.i.embedder.EclipseLogger - Installing C:\Users\ADMINI~1\AppData\Local\Temp\mvninstall5752882713768276457.pom to C:\Users\Administrator\.m2\repository\com\bea\wlplatform\commonj-twm\1.1\commonj-twm-1.1.pom
2018-09-01 14:24:36,828 [Worker-0] INFO  c.n.h.c.p.n.NettyAsyncHttpProvider - Number of application's worked threads is 8
2018-09-01 14:24:37,255 [New I/O client worker #88-1] INFO  o.e.m.c.i.e.AbstractTransferListenerAdapter - Downloaded http://repo.maven.apache.org/maven2/com/oracle/toplink/toplink/10.1.3/toplink-10.1.3.jar
2018-09-01 14:24:37,276 [Worker-0] INFO  o.e.m.c.i.embedder.EclipseLogger - Installing C:\IT\MyEclipse Professional 2014\configuration\org.eclipse.osgi\bundles\104\1\.cp\data\2.0\lib\toplink\toplink-api.jar to C:\Users\Administrator\.m2\repository\com\oracle\toplink\toplink\10.1.3\toplink-10.1.3.jar
2018-09-01 14:24:37,310 [Worker-0] INFO  o.e.m.c.i.embedder.EclipseLogger - Installing C:\Users\ADMINI~1\AppData\Local\Temp\mvninstall830457253116793188.pom to C:\Users\Administrator\.m2\repository\com\oracle\toplink\toplink\10.1.3\toplink-10.1.3.pom
2018-09-01 14:24:37,317 [Worker-0] INFO  c.n.h.c.p.n.NettyAsyncHttpProvider - Number of application's worked threads is 8
2018-09-01 14:24:37,749 [New I/O client worker #89-1] INFO  o.e.m.c.i.e.AbstractTransferListenerAdapter - Downloaded http://repo.maven.apache.org/maven2/org/codehaus/groovy/1.0/groovy-1.0.jar
2018-09-01 14:24:37,769 [Worker-0] INFO  o.e.m.c.i.embedder.EclipseLogger - Installing C:\IT\MyEclipse Professional 2014\configuration\org.eclipse.osgi\bundles\104\1\.cp\data\2.0\lib\groovy\groovy-1.0.jar to C:\Users\Administrator\.m2\repository\org\codehaus\groovy\1.0\groovy-1.0.jar
2018-09-01 14:24:37,818 [Worker-0] INFO  o.e.m.c.i.embedder.EclipseLogger - Installing C:\Users\ADMINI~1\AppData\Local\Temp\mvninstall6840843709410788019.pom to C:\Users\Administrator\.m2\repository\org\codehaus\groovy\1.0\groovy-1.0.pom
2018-09-01 14:24:37,826 [Worker-0] INFO  c.n.h.c.p.n.NettyAsyncHttpProvider - Number of application's worked threads is 8
2018-09-01 14:24:38,245 [New I/O client worker #90-1] INFO  o.e.m.c.i.e.AbstractTransferListenerAdapter - Downloaded http://repo.maven.apache.org/maven2/org/springframework/security/org.springframework.security.core/3.0.5.RELEASE/org.springframework.security.core-3.0.5.RELEASE.jar
2018-09-01 14:24:38,273 [Worker-0] INFO  o.e.m.c.i.embedder.EclipseLogger - Installing C:\IT\MyEclipse Professional 2014\configuration\org.eclipse.osgi\bundles\105\1\.cp\data\security-3.0\spring-security-core-3.0.5.RELEASE.jar to C:\Users\Administrator\.m2\repository\org\springframework\security\org.springframework.security.core\3.0.5.RELEASE\org.springframework.security.core-3.0.5.RELEASE.jar
2018-09-01 14:24:38,313 [Worker-0] INFO  o.e.m.c.i.embedder.EclipseLogger - Installing C:\Users\ADMINI~1\AppData\Local\Temp\mvninstall2079527948945261637.pom to C:\Users\Administrator\.m2\repository\org\springframework\security\org.springframework.security.core\3.0.5.RELEASE\org.springframework.security.core-3.0.5.RELEASE.pom
2018-09-01 14:24:38,322 [Worker-0] INFO  c.n.h.c.p.n.NettyAsyncHttpProvider - Number of application's worked threads is 8
2018-09-01 14:24:38,745 [New I/O client worker #91-1] INFO  o.e.m.c.i.e.AbstractTransferListenerAdapter - Downloaded http://repo.maven.apache.org/maven2/org/springframework/security/org.springframework.security.web/3.0.5.RELEASE/org.springframework.security.web-3.0.5.RELEASE.jar
2018-09-01 14:24:38,767 [Worker-0] INFO  o.e.m.c.i.embedder.EclipseLogger - Installing C:\IT\MyEclipse Professional 2014\configuration\org.eclipse.osgi\bundles\105\1\.cp\data\security-3.0\spring-security-web-3.0.5.RELEASE.jar to C:\Users\Administrator\.m2\repository\org\springframework\security\org.springframework.security.web\3.0.5.RELEASE\org.springframework.security.web-3.0.5.RELEASE.jar
2018-09-01 14:24:38,804 [Worker-0] INFO  o.e.m.c.i.embedder.EclipseLogger - Installing C:\Users\ADMINI~1\AppData\Local\Temp\mvninstall4034715428232845325.pom to C:\Users\Administrator\.m2\repository\org\springframework\security\org.springframework.security.web\3.0.5.RELEASE\org.springframework.security.web-3.0.5.RELEASE.pom
2018-09-01 14:24:38,810 [Worker-0] INFO  c.n.h.c.p.n.NettyAsyncHttpProvider - Number of application's worked threads is 8
2018-09-01 14:24:39,521 [New I/O client worker #92-1] INFO  o.e.m.c.i.e.AbstractTransferListenerAdapter - Downloaded http://repo.maven.apache.org/maven2/org/springframework/security/org.springframework.security.config/3.0.5.RELEASE/org.springframework.security.config-3.0.5.RELEASE.jar
2018-09-01 14:24:39,544 [Worker-0] INFO  o.e.m.c.i.embedder.EclipseLogger - Installing C:\IT\MyEclipse Professional 2014\configuration\org.eclipse.osgi\bundles\105\1\.cp\data\security-3.0\spring-security-config-3.0.5.RELEASE.jar to C:\Users\Administrator\.m2\repository\org\springframework\security\org.springframework.security.config\3.0.5.RELEASE\org.springframework.security.config-3.0.5.RELEASE.jar
2018-09-01 14:24:39,618 [Worker-0] INFO  o.e.m.c.i.embedder.EclipseLogger - Installing C:\Users\ADMINI~1\AppData\Local\Temp\mvninstall8304450557942589199.pom to C:\Users\Administrator\.m2\repository\org\springframework\security\org.springframework.security.config\3.0.5.RELEASE\org.springframework.security.config-3.0.5.RELEASE.pom
2018-09-01 14:24:39,624 [Worker-0] INFO  c.n.h.c.p.n.NettyAsyncHttpProvider - Number of application's worked threads is 8
2018-09-01 14:24:40,053 [New I/O client worker #93-1] INFO  o.e.m.c.i.e.AbstractTransferListenerAdapter - Downloaded http://repo.maven.apache.org/maven2/org/springframework/security/org.springframework.security.ldap/3.0.5.RELEASE/org.springframework.security.ldap-3.0.5.RELEASE.jar
2018-09-01 14:24:40,075 [Worker-0] INFO  o.e.m.c.i.embedder.EclipseLogger - Installing C:\IT\MyEclipse Professional 2014\configuration\org.eclipse.osgi\bundles\105\1\.cp\data\security-3.0\spring-security-ldap-3.0.5.RELEASE.jar to C:\Users\Administrator\.m2\repository\org\springframework\security\org.springframework.security.ldap\3.0.5.RELEASE\org.springframework.security.ldap-3.0.5.RELEASE.jar
2018-09-01 14:24:40,105 [Worker-0] INFO  o.e.m.c.i.embedder.EclipseLogger - Installing C:\Users\ADMINI~1\AppData\Local\Temp\mvninstall6884270855782283308.pom to C:\Users\Administrator\.m2\repository\org\springframework\security\org.springframework.security.ldap\3.0.5.RELEASE\org.springframework.security.ldap-3.0.5.RELEASE.pom
2018-09-01 14:24:40,111 [Worker-0] INFO  c.n.h.c.p.n.NettyAsyncHttpProvider - Number of application's worked threads is 8
2018-09-01 14:24:40,536 [New I/O client worker #94-1] INFO  o.e.m.c.i.e.AbstractTransferListenerAdapter - Downloaded http://repo.maven.apache.org/maven2/org/springframework/security/org.springframework.security.taglibs/3.0.5.RELEASE/org.springframework.security.taglibs-3.0.5.RELEASE.jar
2018-09-01 14:24:40,558 [Worker-0] INFO  o.e.m.c.i.embedder.EclipseLogger - Installing C:\IT\MyEclipse Professional 2014\configuration\org.eclipse.osgi\bundles\105\1\.cp\data\security-3.0\spring-security-taglibs-3.0.5.RELEASE.jar to C:\Users\Administrator\.m2\repository\org\springframework\security\org.springframework.security.taglibs\3.0.5.RELEASE\org.springframework.security.taglibs-3.0.5.RELEASE.jar
2018-09-01 14:24:40,582 [Worker-0] INFO  o.e.m.c.i.embedder.EclipseLogger - Installing C:\Users\ADMINI~1\AppData\Local\Temp\mvninstall121506984230816916.pom to C:\Users\Administrator\.m2\repository\org\springframework\security\org.springframework.security.taglibs\3.0.5.RELEASE\org.springframework.security.taglibs-3.0.5.RELEASE.pom
2018-09-01 14:24:40,589 [Worker-0] INFO  c.n.h.c.p.n.NettyAsyncHttpProvider - Number of application's worked threads is 8
2018-09-01 14:24:41,008 [New I/O client worker #95-1] INFO  o.e.m.c.i.e.AbstractTransferListenerAdapter - Downloaded http://repo.maven.apache.org/maven2/com/bea/commonj/com.springsource.commonj/1.1.0/com.springsource.commonj-1.1.0.jar
2018-09-01 14:24:41,029 [Worker-0] INFO  o.e.m.c.i.embedder.EclipseLogger - Installing C:\IT\MyEclipse Professional 2014\configuration\org.eclipse.osgi\bundles\105\1\.cp\data\3.0\lib\misc\com.springsource.commonj-1.1.0.jar to C:\Users\Administrator\.m2\repository\com\bea\commonj\com.springsource.commonj\1.1.0\com.springsource.commonj-1.1.0.jar
2018-09-01 14:24:41,055 [Worker-0] INFO  o.e.m.c.i.embedder.EclipseLogger - Installing C:\Users\ADMINI~1\AppData\Local\Temp\mvninstall8534294170058416953.pom to C:\Users\Administrator\.m2\repository\com\bea\commonj\com.springsource.commonj\1.1.0\com.springsource.commonj-1.1.0.pom
2018-09-01 14:24:41,061 [Worker-0] INFO  c.n.h.c.p.n.NettyAsyncHttpProvider - Number of application's worked threads is 8
2018-09-01 14:24:41,485 [New I/O client worker #96-1] INFO  o.e.m.c.i.e.AbstractTransferListenerAdapter - Downloaded http://repo.maven.apache.org/maven2/com/opensymphony/quartz/com.springsource.org.quartz/1.6.2/com.springsource.org.quartz-1.6.2.jar
2018-09-01 14:24:41,507 [Worker-0] INFO  o.e.m.c.i.embedder.EclipseLogger - Installing C:\IT\MyEclipse Professional 2014\configuration\org.eclipse.osgi\bundles\105\1\.cp\data\3.0\lib\misc\com.springsource.org.quartz-1.6.2.jar to C:\Users\Administrator\.m2\repository\com\opensymphony\quartz\com.springsource.org.quartz\1.6.2\com.springsource.org.quartz-1.6.2.jar
2018-09-01 14:24:41,539 [Worker-0] INFO  o.e.m.c.i.embedder.EclipseLogger - Installing C:\Users\ADMINI~1\AppData\Local\Temp\mvninstall7235672796267505330.pom to C:\Users\Administrator\.m2\repository\com\opensymphony\quartz\com.springsource.org.quartz\1.6.2\com.springsource.org.quartz-1.6.2.pom
2018-09-01 14:24:41,546 [Worker-0] INFO  c.n.h.c.p.n.NettyAsyncHttpProvider - Number of application's worked threads is 8
2018-09-01 14:24:42,983 [New I/O client worker #97-1] INFO  o.e.m.c.i.e.AbstractTransferListenerAdapter - Downloaded http://repo.maven.apache.org/maven2/javax/jdo/jdo2-api/2.1.0/jdo2-api-2.1.0.jar
2018-09-01 14:24:42,995 [Worker-0] INFO  o.e.m.c.i.embedder.EclipseLogger - Installing C:\IT\MyEclipse Professional 2014\configuration\org.eclipse.osgi\bundles\105\1\.cp\data\3.0\lib\persistJDO\com.springsource.javax.jdo-2.1.0.jar to C:\Users\Administrator\.m2\repository\javax\jdo\jdo2-api\2.1.0\jdo2-api-2.1.0.jar
2018-09-01 14:24:43,024 [Worker-0] INFO  o.e.m.c.i.embedder.EclipseLogger - Installing C:\Users\ADMINI~1\AppData\Local\Temp\mvninstall7342234033294830554.pom to C:\Users\Administrator\.m2\repository\javax\jdo\jdo2-api\2.1.0\jdo2-api-2.1.0.pom
2018-09-01 14:24:43,033 [Worker-0] INFO  c.n.h.c.p.n.NettyAsyncHttpProvider - Number of application's worked threads is 8
2018-09-01 14:24:44,463 [New I/O client worker #98-1] INFO  o.e.m.c.i.e.AbstractTransferListenerAdapter - Downloaded http://repo.maven.apache.org/maven2/com/caucho/com.springsource.com.caucho/3.2.1/com.springsource.com.caucho-3.2.1.jar
2018-09-01 14:24:44,484 [Worker-0] INFO  o.e.m.c.i.embedder.EclipseLogger - Installing C:\IT\MyEclipse Professional 2014\configuration\org.eclipse.osgi\bundles\105\1\.cp\data\3.0\lib\remoting\com.springsource.com.caucho-3.2.1.jar to C:\Users\Administrator\.m2\repository\com\caucho\com.springsource.com.caucho\3.2.1\com.springsource.com.caucho-3.2.1.jar
2018-09-01 14:24:44,527 [Worker-0] INFO  o.e.m.c.i.embedder.EclipseLogger - Installing C:\Users\ADMINI~1\AppData\Local\Temp\mvninstall7433920613074296053.pom to C:\Users\Administrator\.m2\repository\com\caucho\com.springsource.com.caucho\3.2.1\com.springsource.com.caucho-3.2.1.pom
2018-09-01 14:24:44,536 [Worker-0] INFO  c.n.h.c.p.n.NettyAsyncHttpProvider - Number of application's worked threads is 8
2018-09-01 14:24:45,974 [New I/O client worker #99-1] INFO  o.e.m.c.i.e.AbstractTransferListenerAdapter - Downloaded http://repo.maven.apache.org/maven2/org/codehaus/jackson/com.springsource.org.codehaus.jackson.mapper/1.0.0/com.springsource.org.codehaus.jackson.mapper-1.0.0.jar
2018-09-01 14:24:48,436 [Worker-3] ERROR o.e.m.c.i.i.nexus.NexusIndexManager - Unable to update index for central|http://repo.maven.apache.org/maven2
java.io.IOException: null
	at org.eclipse.m2e.core.internal.index.nexus.AsyncFetcher$PipedErrorInputStream.checkError(AsyncFetcher.java:251) ~[org.eclipse.m2e.core_1.4.0.me201310171809.jar:na]
	at org.eclipse.m2e.core.internal.index.nexus.AsyncFetcher$PipedErrorInputStream.read(AsyncFetcher.java:259) ~[org.eclipse.m2e.core_1.4.0.me201310171809.jar:na]
	at java.io.PipedInputStream.read(PipedInputStream.java:378) ~[na:1.7.0_45]
	at java.io.InputStream.read(InputStream.java:101) ~[na:1.7.0_45]
	at org.codehaus.plexus.util.IOUtil.copy(IOUtil.java:188) ~[plexus-utils-2.0.6.jar:na]
	at org.codehaus.plexus.util.IOUtil.copy(IOUtil.java:174) ~[plexus-utils-2.0.6.jar:na]
	at org.codehaus.plexus.util.FileUtils.copyStreamToFile(FileUtils.java:1143) ~[plexus-utils-2.0.6.jar:na]
	at org.apache.maven.index.updater.DefaultIndexUpdater$LocalCacheIndexAdaptor.setIndexFile(DefaultIndexUpdater.java:700) ~[indexer-core-3.1.0.jar:3.1.0]
	at org.apache.maven.index.updater.DefaultIndexUpdater.fetchAndUpdateIndex(DefaultIndexUpdater.java:844) ~[indexer-core-3.1.0.jar:3.1.0]
	at org.apache.maven.index.updater.DefaultIndexUpdater.fetchAndUpdateIndex(DefaultIndexUpdater.java:135) ~[indexer-core-3.1.0.jar:3.1.0]
	at org.eclipse.m2e.core.internal.index.nexus.NexusIndexManager.updateRemoteIndex(NexusIndexManager.java:1237) [org.eclipse.m2e.core_1.4.0.me201310171809.jar:na]
	at org.eclipse.m2e.core.internal.index.nexus.NexusIndexManager.updateIndex(NexusIndexManager.java:1192) [org.eclipse.m2e.core_1.4.0.me201310171809.jar:na]
	at org.eclipse.m2e.core.internal.index.nexus.NexusIndexManager$1.run(NexusIndexManager.java:707) [org.eclipse.m2e.core_1.4.0.me201310171809.jar:na]
	at org.eclipse.m2e.core.internal.index.nexus.IndexUpdaterJob.run(IndexUpdaterJob.java:72) [org.eclipse.m2e.core_1.4.0.me201310171809.jar:na]
	at org.eclipse.core.internal.jobs.Worker.run(Worker.java:53) [org.eclipse.core.jobs_3.5.300.v20130429-1813.jar:na]
java.util.concurrent.CancellationException: null
	at com.ning.http.client.providers.netty.NettyResponseFuture.cancel(NettyResponseFuture.java:154) ~[na:na]
	at org.eclipse.m2e.core.internal.index.nexus.AsyncFetcher.cancel(AsyncFetcher.java:92) ~[na:na]
	at org.eclipse.m2e.core.internal.index.nexus.AsyncFetcher$MonitorListener.checkCancelled(AsyncFetcher.java:274) ~[na:na]
	at org.eclipse.m2e.core.internal.index.nexus.AsyncFetcher$MonitorListener.onStatus(AsyncFetcher.java:279) ~[na:na]
	at com.ning.http.client.SimpleAsyncHttpClient$BodyConsumerAsyncHandler.fireStatus(SimpleAsyncHttpClient.java:828) ~[na:na]
	at com.ning.http.client.SimpleAsyncHttpClient$BodyConsumerAsyncHandler.onStatusReceived(SimpleAsyncHttpClient.java:779) ~[na:na]
	at com.ning.http.client.providers.netty.NettyAsyncHttpProvider.updateStatusAndInterrupt(NettyAsyncHttpProvider.java:1587) ~[na:na]
	at com.ning.http.client.providers.netty.NettyAsyncHttpProvider.messageReceived(NettyAsyncHttpProvider.java:1242) ~[na:na]
	at org.jboss.netty.channel.SimpleChannelUpstreamHandler.handleUpstream(SimpleChannelUpstreamHandler.java:80) ~[na:na]
	at org.jboss.netty.channel.DefaultChannelPipeline.sendUpstream(DefaultChannelPipeline.java:564) ~[na:na]
	at org.jboss.netty.channel.DefaultChannelPipeline$DefaultChannelHandlerContext.sendUpstream(DefaultChannelPipeline.java:783) ~[na:na]
	at org.jboss.netty.handler.stream.ChunkedWriteHandler.handleUpstream(ChunkedWriteHandler.java:149) ~[na:na]
	at org.jboss.netty.channel.DefaultChannelPipeline.sendUpstream(DefaultChannelPipeline.java:564) ~[na:na]
	at org.jboss.netty.channel.DefaultChannelPipeline$DefaultChannelHandlerContext.sendUpstream(DefaultChannelPipeline.java:783) ~[na:na]
	at org.jboss.netty.handler.codec.http.HttpContentDecoder.messageReceived(HttpContentDecoder.java:104) ~[na:na]
	at org.jboss.netty.channel.SimpleChannelUpstreamHandler.handleUpstream(SimpleChannelUpstreamHandler.java:80) ~[na:na]
	at org.jboss.netty.channel.DefaultChannelPipeline.sendUpstream(DefaultChannelPipeline.java:564) ~[na:na]
	at org.jboss.netty.channel.DefaultChannelPipeline$DefaultChannelHandlerContext.sendUpstream(DefaultChannelPipeline.java:783) ~[na:na]
	at org.jboss.netty.channel.Channels.fireMessageReceived(Channels.java:302) ~[na:na]
	at org.jboss.netty.handler.codec.replay.ReplayingDecoder.unfoldAndFireMessageReceived(ReplayingDecoder.java:522) ~[na:na]
	at org.jboss.netty.handler.codec.replay.ReplayingDecoder.callDecode(ReplayingDecoder.java:506) ~[na:na]
	at org.jboss.netty.handler.codec.replay.ReplayingDecoder.messageReceived(ReplayingDecoder.java:443) ~[na:na]
	at org.jboss.netty.channel.SimpleChannelUpstreamHandler.handleUpstream(SimpleChannelUpstreamHandler.java:80) ~[na:na]
	at org.jboss.netty.handler.codec.http.HttpClientCodec.handleUpstream(HttpClientCodec.java:77) ~[na:na]
	at org.jboss.netty.channel.DefaultChannelPipeline.sendUpstream(DefaultChannelPipeline.java:564) ~[na:na]
	at org.jboss.netty.channel.DefaultChannelPipeline.sendUpstream(DefaultChannelPipeline.java:559) ~[na:na]
	at org.jboss.netty.channel.Channels.fireMessageReceived(Channels.java:274) ~[na:na]
	at org.jboss.netty.channel.Channels.fireMessageReceived(Channels.java:261) ~[na:na]
	at org.jboss.netty.channel.socket.nio.NioWorker.read(NioWorker.java:349) ~[na:na]
	at org.jboss.netty.channel.socket.nio.NioWorker.processSelectedKeys(NioWorker.java:280) ~[na:na]
	at org.jboss.netty.channel.socket.nio.NioWorker.run(NioWorker.java:200) ~[na:na]
	at org.jboss.netty.util.ThreadRenamingRunnable.run(ThreadRenamingRunnable.java:108) ~[na:na]
	at org.jboss.netty.util.internal.DeadLockProofWorker$1.run(DeadLockProofWorker.java:44) ~[na:na]
	at java.util.concurrent.ThreadPoolExecutor.runWorker(ThreadPoolExecutor.java:1145) ~[na:1.7.0_45]
	at java.util.concurrent.ThreadPoolExecutor$Worker.run(ThreadPoolExecutor.java:615) ~[na:1.7.0_45]
	at java.lang.Thread.run(Thread.java:744) ~[na:1.7.0_45]
2018-09-01 14:24:56,212 [main] INFO  c.g.e.m.h.c.ui.Html5AppCoreUIPlugin - Pluging started
2018-09-01 15:51:31,850 [main] INFO  c.g.e.m.h.c.ui.Html5AppCoreUIPlugin - Pluging started
2018-09-01 23:58:10,040 [main] INFO  c.g.e.m.h.c.ui.Html5AppCoreUIPlugin - Pluging started
2018-09-02 01:20:57,639 [main] INFO  c.g.e.m.h.c.ui.Html5AppCoreUIPlugin - Pluging started
2018-09-02 10:10:24,672 [main] INFO  c.g.e.m.h.c.ui.Html5AppCoreUIPlugin - Pluging started
2018-09-02 10:12:07,055 [main] INFO  c.g.e.m.h.c.ui.Html5AppCoreUIPlugin - Pluging started
2018-09-03 20:09:48,382 [main] INFO  c.g.e.m.h.c.ui.Html5AppCoreUIPlugin - Pluging started
2018-09-04 21:10:54,202 [main] INFO  c.g.e.m.h.c.ui.Html5AppCoreUIPlugin - Pluging started
